nohup: ignoring input
[I 14:18:16.974 NotebookApp] Writing notebook server cookie secret to /run/user/1004/jupyter/notebook_cookie_secret
[W 14:18:17.172 NotebookApp] WARNING: The notebook server is listening on all IP addresses and not using encryption. This is not recommended.
[I 14:18:17.209 NotebookApp] JupyterLab beta preview extension loaded from /home/chenmy/anaconda3/lib/python3.6/site-packages/jupyterlab
[I 14:18:17.209 NotebookApp] JupyterLab application directory is /home/chenmy/anaconda3/share/jupyter/lab
[I 14:18:17.214 NotebookApp] Serving notebooks from local directory: /home/chenmy/cmykronfit
[I 14:18:17.214 NotebookApp] 0 active kernels
[I 14:18:17.214 NotebookApp] The Jupyter Notebook is running at:
[I 14:18:17.214 NotebookApp] http://GPU-Server:10000/
[I 14:18:17.214 NotebookApp] Use Control-C to stop this server and shut down all kernels (twice to skip confirmation).
[W 14:18:17.214 NotebookApp] No web browser found: could not locate runnable browser.
[W 19:12:58.918 NotebookApp] Clearing invalid/expired login cookie username-172-24-34-190-10000
[W 19:12:58.919 NotebookApp] Clearing invalid/expired login cookie username-172-24-34-190-10000
[I 19:12:58.921 NotebookApp] 302 GET /notebooks/ (172.21.6.219) 4.14ms
[I 19:13:01.732 NotebookApp] 302 POST /login?next=%2Fnotebooks%2F (172.21.6.219) 2.15ms
[I 19:13:01.745 NotebookApp] 302 GET /notebooks/ (172.21.6.219) 1.44ms
[I 19:18:13.377 NotebookApp] Creating new notebook in 
[I 19:18:18.491 NotebookApp] Kernel started: a116b550-21fb-4821-816c-5c86d85e755e
[I 19:18:18.932 NotebookApp] Adapting to protocol v5.1 for kernel a116b550-21fb-4821-816c-5c86d85e755e
[I 19:19:04.697 NotebookApp] Creating new notebook in 
[I 19:19:05.263 NotebookApp] Kernel started: 3799d343-acc1-43bb-90ee-3e444d745881
[I 19:20:15.037 NotebookApp] Saving file at /kronnc.ipynb
[I 19:20:18.518 NotebookApp] Saving file at /Untitled.ipynb
[I 19:21:05.279 NotebookApp] Saving file at /kronnc.ipynb
[I 19:23:05.277 NotebookApp] Saving file at /kronnc.ipynb
[I 19:25:05.271 NotebookApp] Saving file at /kronnc.ipynb
[I 19:27:05.281 NotebookApp] Saving file at /kronnc.ipynb
[I 19:29:05.274 NotebookApp] Saving file at /kronnc.ipynb
[I 19:31:05.960 NotebookApp] Saving file at /kronnc.ipynb
[I 19:35:39.198 NotebookApp] Saving file at /kronnc.ipynb
[I 19:36:05.736 NotebookApp] Saving file at /kronnc.ipynb
[I 19:45:05.309 NotebookApp] Saving file at /kronnc.ipynb
[I 19:47:05.297 NotebookApp] Saving file at /kronnc.ipynb
[I 19:49:05.301 NotebookApp] Saving file at /kronnc.ipynb
[I 19:50:00.008 NotebookApp] Saving file at /kronnc.ipynb
[I 19:50:47.028 NotebookApp] Saving file at /kronnc.ipynb
[I 19:51:05.293 NotebookApp] Saving file at /kronnc.ipynb
[I 19:53:05.317 NotebookApp] Saving file at /kronnc.ipynb
[I 19:56:13.446 NotebookApp] Starting buffering for 3799d343-acc1-43bb-90ee-3e444d745881:ebf191b2b23940ca8fb0597a1436c01f
[I 19:56:14.159 NotebookApp] Kernel restarted: 3799d343-acc1-43bb-90ee-3e444d745881
[I 19:56:14.752 NotebookApp] Restoring connection for 3799d343-acc1-43bb-90ee-3e444d745881:ebf191b2b23940ca8fb0597a1436c01f
[I 19:56:14.752 NotebookApp] Replaying 6 buffered messages
[I 19:57:04.454 NotebookApp] Saving file at /kronnc.ipynb
[I 19:59:05.549 NotebookApp] Saving file at /kronnc.ipynb
[I 20:02:20.421 NotebookApp] Starting buffering for 3799d343-acc1-43bb-90ee-3e444d745881:ebf191b2b23940ca8fb0597a1436c01f
[I 20:02:20.935 NotebookApp] Kernel restarted: 3799d343-acc1-43bb-90ee-3e444d745881
[I 20:02:21.421 NotebookApp] Restoring connection for 3799d343-acc1-43bb-90ee-3e444d745881:ebf191b2b23940ca8fb0597a1436c01f
[I 20:02:21.421 NotebookApp] Replaying 3 buffered messages
[I 20:03:05.331 NotebookApp] Saving file at /kronnc.ipynb
[I 20:05:05.331 NotebookApp] Saving file at /kronnc.ipynb
[I 20:07:05.330 NotebookApp] Saving file at /kronnc.ipynb
[I 20:09:05.337 NotebookApp] Saving file at /kronnc.ipynb
[I 21:23:05.455 NotebookApp] Saving file at /kronnc.ipynb
[I 21:23:54.510 NotebookApp] Starting buffering for 3799d343-acc1-43bb-90ee-3e444d745881:ebf191b2b23940ca8fb0597a1436c01f
[I 21:23:55.525 NotebookApp] Kernel restarted: 3799d343-acc1-43bb-90ee-3e444d745881
[I 21:23:55.985 NotebookApp] Restoring connection for 3799d343-acc1-43bb-90ee-3e444d745881:ebf191b2b23940ca8fb0597a1436c01f
[I 21:23:55.985 NotebookApp] Replaying 6 buffered messages
[I 21:25:05.460 NotebookApp] Saving file at /kronnc.ipynb
[I 21:27:05.445 NotebookApp] Saving file at /kronnc.ipynb
[I 21:29:05.464 NotebookApp] Saving file at /kronnc.ipynb
[I 21:29:41.391 NotebookApp] Starting buffering for 3799d343-acc1-43bb-90ee-3e444d745881:ebf191b2b23940ca8fb0597a1436c01f
[I 21:29:41.806 NotebookApp] Kernel restarted: 3799d343-acc1-43bb-90ee-3e444d745881
[I 21:29:42.287 NotebookApp] Restoring connection for 3799d343-acc1-43bb-90ee-3e444d745881:ebf191b2b23940ca8fb0597a1436c01f
[I 21:29:42.287 NotebookApp] Replaying 6 buffered messages
[I 21:30:55.552 NotebookApp] Starting buffering for 3799d343-acc1-43bb-90ee-3e444d745881:ebf191b2b23940ca8fb0597a1436c01f
[I 21:30:55.964 NotebookApp] Kernel restarted: 3799d343-acc1-43bb-90ee-3e444d745881
[I 21:30:56.466 NotebookApp] Restoring connection for 3799d343-acc1-43bb-90ee-3e444d745881:ebf191b2b23940ca8fb0597a1436c01f
[I 21:30:56.466 NotebookApp] Replaying 3 buffered messages
[I 21:31:05.458 NotebookApp] Saving file at /kronnc.ipynb
[I 21:33:05.457 NotebookApp] Saving file at /kronnc.ipynb
[I 21:35:05.457 NotebookApp] Saving file at /kronnc.ipynb
[I 21:37:05.462 NotebookApp] Saving file at /kronnc.ipynb
[I 21:37:09.836 NotebookApp] Saving file at /kronnc.ipynb
[I 21:37:10.901 NotebookApp] Saving file at /kronnc.ipynb
[I 21:37:14.217 NotebookApp] Starting buffering for 3799d343-acc1-43bb-90ee-3e444d745881:ebf191b2b23940ca8fb0597a1436c01f
[I 21:37:14.729 NotebookApp] Kernel restarted: 3799d343-acc1-43bb-90ee-3e444d745881
[I 21:37:15.326 NotebookApp] Restoring connection for 3799d343-acc1-43bb-90ee-3e444d745881:ebf191b2b23940ca8fb0597a1436c01f
[I 21:37:15.327 NotebookApp] Replaying 6 buffered messages
[I 21:38:18.680 NotebookApp] Starting buffering for 3799d343-acc1-43bb-90ee-3e444d745881:ebf191b2b23940ca8fb0597a1436c01f
[I 21:38:23.720 NotebookApp] Kernel restarted: 3799d343-acc1-43bb-90ee-3e444d745881
[I 21:38:24.261 NotebookApp] Restoring connection for 3799d343-acc1-43bb-90ee-3e444d745881:ebf191b2b23940ca8fb0597a1436c01f
[I 21:38:24.261 NotebookApp] Replaying 24 buffered messages
[I 21:38:58.080 NotebookApp] Saving file at /kronnc.ipynb
[I 21:38:59.358 NotebookApp] Saving file at /kronnc.ipynb
[I 21:39:03.895 NotebookApp] Starting buffering for 3799d343-acc1-43bb-90ee-3e444d745881:ebf191b2b23940ca8fb0597a1436c01f
[I 21:39:04.508 NotebookApp] Kernel restarted: 3799d343-acc1-43bb-90ee-3e444d745881
[I 21:39:05.104 NotebookApp] Restoring connection for 3799d343-acc1-43bb-90ee-3e444d745881:ebf191b2b23940ca8fb0597a1436c01f
[I 21:39:05.104 NotebookApp] Replaying 5 buffered messages
[I 21:39:58.866 NotebookApp] Saving file at /kronnc.ipynb
[I 21:40:09.622 NotebookApp] Starting buffering for 3799d343-acc1-43bb-90ee-3e444d745881:ebf191b2b23940ca8fb0597a1436c01f
[I 21:40:10.035 NotebookApp] Kernel restarted: 3799d343-acc1-43bb-90ee-3e444d745881
[I 21:40:10.540 NotebookApp] Restoring connection for 3799d343-acc1-43bb-90ee-3e444d745881:ebf191b2b23940ca8fb0597a1436c01f
[I 21:40:10.540 NotebookApp] Replaying 6 buffered messages
[I 21:40:26.659 NotebookApp] Saving file at /kronnc.ipynb
[I 21:40:27.768 NotebookApp] Saving file at /kronnc.ipynb
[I 21:41:05.465 NotebookApp] Saving file at /kronnc.ipynb
[I 21:42:07.684 NotebookApp] Starting buffering for 3799d343-acc1-43bb-90ee-3e444d745881:ebf191b2b23940ca8fb0597a1436c01f
[I 21:42:08.097 NotebookApp] Kernel restarted: 3799d343-acc1-43bb-90ee-3e444d745881
[I 21:42:08.692 NotebookApp] Restoring connection for 3799d343-acc1-43bb-90ee-3e444d745881:ebf191b2b23940ca8fb0597a1436c01f
[I 21:42:08.693 NotebookApp] Replaying 5 buffered messages
[I 21:43:05.487 NotebookApp] Saving file at /kronnc.ipynb
[I 21:44:15.611 NotebookApp] Starting buffering for 3799d343-acc1-43bb-90ee-3e444d745881:ebf191b2b23940ca8fb0597a1436c01f
[I 21:44:19.028 NotebookApp] Kernel restarted: 3799d343-acc1-43bb-90ee-3e444d745881
[I 21:44:19.444 NotebookApp] Restoring connection for 3799d343-acc1-43bb-90ee-3e444d745881:ebf191b2b23940ca8fb0597a1436c01f
[I 21:44:19.444 NotebookApp] Replaying 22 buffered messages
[I 21:45:05.483 NotebookApp] Saving file at /kronnc.ipynb
[I 21:46:08.995 NotebookApp] Starting buffering for 3799d343-acc1-43bb-90ee-3e444d745881:ebf191b2b23940ca8fb0597a1436c01f
[I 21:46:08.996 NotebookApp] Starting buffering for a116b550-21fb-4821-816c-5c86d85e755e:c08b43d5329b470b820122aa1f8f4651
[I 21:46:10.035 NotebookApp] Restoring connection for 3799d343-acc1-43bb-90ee-3e444d745881:ebf191b2b23940ca8fb0597a1436c01f
[I 21:46:10.718 NotebookApp] Adapting to protocol v5.1 for kernel a116b550-21fb-4821-816c-5c86d85e755e
[I 21:46:10.719 NotebookApp] Restoring connection for a116b550-21fb-4821-816c-5c86d85e755e:c08b43d5329b470b820122aa1f8f4651
[W 21:47:40.036 NotebookApp] WebSocket ping timeout after 90001 ms.
[W 21:47:40.720 NotebookApp] WebSocket ping timeout after 90001 ms.
[I 21:47:45.042 NotebookApp] Starting buffering for 3799d343-acc1-43bb-90ee-3e444d745881:ebf191b2b23940ca8fb0597a1436c01f
[I 21:47:45.721 NotebookApp] Starting buffering for a116b550-21fb-4821-816c-5c86d85e755e:c08b43d5329b470b820122aa1f8f4651
[I 11:05:39.312 NotebookApp] Saving file at /kronnc.ipynb
[I 11:06:04.701 NotebookApp] Saving file at /kronnc.ipynb
[I 11:06:47.832 NotebookApp] Saving file at /kronnc.ipynb
[I 11:10:04.701 NotebookApp] Saving file at /kronnc.ipynb
[I 11:11:59.480 NotebookApp] Restoring connection for 3799d343-acc1-43bb-90ee-3e444d745881:ebf191b2b23940ca8fb0597a1436c01f
[I 11:12:00.927 NotebookApp] Adapting to protocol v5.1 for kernel a116b550-21fb-4821-816c-5c86d85e755e
[I 11:12:00.928 NotebookApp] Restoring connection for a116b550-21fb-4821-816c-5c86d85e755e:c08b43d5329b470b820122aa1f8f4651
[I 11:12:04.706 NotebookApp] Saving file at /kronnc.ipynb
[I 11:14:04.707 NotebookApp] Saving file at /kronnc.ipynb
[I 11:14:11.619 NotebookApp] Saving file at /kronnc.ipynb
[I 11:14:13.698 NotebookApp] Saving file at /kronnc.ipynb
[I 11:14:21.574 NotebookApp] Starting buffering for 3799d343-acc1-43bb-90ee-3e444d745881:ebf191b2b23940ca8fb0597a1436c01f
[I 11:14:21.986 NotebookApp] Kernel restarted: 3799d343-acc1-43bb-90ee-3e444d745881
[I 11:14:22.500 NotebookApp] Restoring connection for 3799d343-acc1-43bb-90ee-3e444d745881:ebf191b2b23940ca8fb0597a1436c01f
[I 11:14:22.500 NotebookApp] Replaying 6 buffered messages
[I 11:16:04.711 NotebookApp] Saving file at /kronnc.ipynb
[I 11:17:36.652 NotebookApp] Saving file at /kronnc.ipynb
[I 11:17:50.265 NotebookApp] Starting buffering for 3799d343-acc1-43bb-90ee-3e444d745881:ebf191b2b23940ca8fb0597a1436c01f
[I 11:17:51.379 NotebookApp] Kernel restarted: 3799d343-acc1-43bb-90ee-3e444d745881
[I 11:17:52.014 NotebookApp] Restoring connection for 3799d343-acc1-43bb-90ee-3e444d745881:ebf191b2b23940ca8fb0597a1436c01f
[I 11:17:52.014 NotebookApp] Replaying 8 buffered messages
[I 11:18:04.720 NotebookApp] Saving file at /kronnc.ipynb
[I 11:20:04.709 NotebookApp] Saving file at /kronnc.ipynb
[I 11:22:05.275 NotebookApp] Saving file at /kronnc.ipynb
[I 16:46:58.535 NotebookApp] Starting buffering for a116b550-21fb-4821-816c-5c86d85e755e:c08b43d5329b470b820122aa1f8f4651
[I 16:46:58.538 NotebookApp] Starting buffering for 3799d343-acc1-43bb-90ee-3e444d745881:ebf191b2b23940ca8fb0597a1436c01f
[I 17:11:57.193 NotebookApp] 302 GET /notebooks/ (172.21.6.157) 3.41ms
[I 17:12:05.053 NotebookApp] Adapting to protocol v5.1 for kernel a116b550-21fb-4821-816c-5c86d85e755e
[I 17:14:05.621 NotebookApp] Saving file at /Untitled.ipynb
[I 17:14:31.236 NotebookApp] Saving file at /kronnc.ipynb
[I 17:14:37.288 NotebookApp] Copying kronnc.ipynb to 
[I 17:14:41.562 NotebookApp] Kernel started: 2e222fd3-fa5c-406c-8509-b3106580847c
[I 17:14:53.136 NotebookApp] Saving file at /kronnc-changewarm-up.ipynb
[I 17:16:31.806 NotebookApp] Saving file at /kronnc.ipynb
[I 17:18:41.595 NotebookApp] Saving file at /kronnc-changewarm-up.ipynb
[I 17:20:41.610 NotebookApp] Saving file at /kronnc-changewarm-up.ipynb
[I 17:22:41.617 NotebookApp] Saving file at /kronnc-changewarm-up.ipynb
[I 17:24:42.091 NotebookApp] Saving file at /kronnc-changewarm-up.ipynb
[I 17:29:55.474 NotebookApp] Saving file at /kronnc-changewarm-up.ipynb
[I 17:30:01.517 NotebookApp] Starting buffering for 2e222fd3-fa5c-406c-8509-b3106580847c:deb26bf396fe4fda8047d4e9953314a7
[I 17:30:01.930 NotebookApp] Kernel restarted: 2e222fd3-fa5c-406c-8509-b3106580847c
[I 17:30:02.471 NotebookApp] Restoring connection for 2e222fd3-fa5c-406c-8509-b3106580847c:deb26bf396fe4fda8047d4e9953314a7
[I 17:30:02.471 NotebookApp] Replaying 6 buffered messages
[I 17:30:41.660 NotebookApp] Saving file at /kronnc-changewarm-up.ipynb
[I 17:41:38.580 NotebookApp] Saving file at /kronnc-changewarm-up.ipynb
[I 17:42:05.878 NotebookApp] Kernel interrupted: 2e222fd3-fa5c-406c-8509-b3106580847c
[I 17:42:41.664 NotebookApp] Saving file at /kronnc-changewarm-up.ipynb
[I 17:43:45.513 NotebookApp] Kernel interrupted: 2e222fd3-fa5c-406c-8509-b3106580847c
[I 17:44:40.978 NotebookApp] Saving file at /kronnc-changewarm-up.ipynb
[I 17:48:31.332 NotebookApp] Saving file at /kronnc.ipynb
[I 18:32:31.410 NotebookApp] Saving file at /kronnc.ipynb
[I 19:05:24.801 NotebookApp] Starting buffering for a116b550-21fb-4821-816c-5c86d85e755e:87be60f69bde4bb880e86fbb2cefc195
[I 19:05:57.088 NotebookApp] Saving file at /kronnc-changewarm-up.ipynb
[I 19:17:52.758 NotebookApp] Starting buffering for 3799d343-acc1-43bb-90ee-3e444d745881:0b7ba77568ed4b81833d6a1e8d8a718d
[I 19:17:52.770 NotebookApp] Starting buffering for 2e222fd3-fa5c-406c-8509-b3106580847c:deb26bf396fe4fda8047d4e9953314a7
[I 20:12:40.782 NotebookApp] 302 GET /notebooks/ (172.21.6.157) 3.31ms
[I 20:14:14.331 NotebookApp] Saving file at /kronnc-changewarm-up.ipynb
[I 20:14:35.764 NotebookApp] Saving file at /kronnc-changewarm-up.ipynb
[I 20:15:02.894 NotebookApp] Saving file at /kronnc-changewarm-up.ipynb
[I 20:15:44.682 NotebookApp] Kernel interrupted: 2e222fd3-fa5c-406c-8509-b3106580847c
[I 20:15:44.803 NotebookApp] Kernel interrupted: 2e222fd3-fa5c-406c-8509-b3106580847c
[I 20:17:02.580 NotebookApp] Saving file at /kronnc-changewarm-up.ipynb
[I 20:19:02.588 NotebookApp] Saving file at /kronnc-changewarm-up.ipynb
[I 20:21:02.596 NotebookApp] Saving file at /kronnc-changewarm-up.ipynb
[I 20:23:02.692 NotebookApp] Saving file at /kronnc-changewarm-up.ipynb
[I 20:25:02.598 NotebookApp] Saving file at /kronnc-changewarm-up.ipynb
[I 20:27:02.603 NotebookApp] Saving file at /kronnc-changewarm-up.ipynb
[I 20:29:02.702 NotebookApp] Saving file at /kronnc-changewarm-up.ipynb
[I 20:31:02.671 NotebookApp] Saving file at /kronnc-changewarm-up.ipynb
[I 20:33:02.678 NotebookApp] Saving file at /kronnc-changewarm-up.ipynb
[I 20:35:02.613 NotebookApp] Saving file at /kronnc-changewarm-up.ipynb
[I 20:37:02.739 NotebookApp] Saving file at /kronnc-changewarm-up.ipynb
[I 20:38:01.644 NotebookApp] Saving file at /kronnc-changewarm-up.ipynb
[I 20:39:02.687 NotebookApp] Saving file at /kronnc-changewarm-up.ipynb
[I 20:41:02.676 NotebookApp] Saving file at /kronnc-changewarm-up.ipynb
[I 20:43:02.610 NotebookApp] Saving file at /kronnc-changewarm-up.ipynb
[I 20:45:02.610 NotebookApp] Saving file at /kronnc-changewarm-up.ipynb
[I 20:47:02.602 NotebookApp] Saving file at /kronnc-changewarm-up.ipynb
[I 20:49:02.669 NotebookApp] Saving file at /kronnc-changewarm-up.ipynb
[I 20:51:02.597 NotebookApp] Saving file at /kronnc-changewarm-up.ipynb
[I 20:53:02.612 NotebookApp] Saving file at /kronnc-changewarm-up.ipynb
[I 20:55:02.706 NotebookApp] Saving file at /kronnc-changewarm-up.ipynb
[I 20:57:02.628 NotebookApp] Saving file at /kronnc-changewarm-up.ipynb
[I 20:59:02.676 NotebookApp] Saving file at /kronnc-changewarm-up.ipynb
[I 21:01:02.615 NotebookApp] Saving file at /kronnc-changewarm-up.ipynb
[I 21:03:02.703 NotebookApp] Saving file at /kronnc-changewarm-up.ipynb
[I 21:05:02.664 NotebookApp] Saving file at /kronnc-changewarm-up.ipynb
[I 21:07:02.685 NotebookApp] Saving file at /kronnc-changewarm-up.ipynb
[I 21:09:02.613 NotebookApp] Saving file at /kronnc-changewarm-up.ipynb
[I 21:11:02.620 NotebookApp] Saving file at /kronnc-changewarm-up.ipynb
[I 21:13:02.699 NotebookApp] Saving file at /kronnc-changewarm-up.ipynb
[I 21:15:01.858 NotebookApp] Kernel interrupted: 2e222fd3-fa5c-406c-8509-b3106580847c
[I 21:15:02.021 NotebookApp] Kernel interrupted: 2e222fd3-fa5c-406c-8509-b3106580847c
[I 21:15:02.680 NotebookApp] Saving file at /kronnc-changewarm-up.ipynb
[I 21:16:41.562 NotebookApp] Starting buffering for 2e222fd3-fa5c-406c-8509-b3106580847c:b746102e1cb24972a516bca8f2dbbfc4
[I 21:16:46.617 NotebookApp] Kernel restarted: 2e222fd3-fa5c-406c-8509-b3106580847c
[I 21:16:47.156 NotebookApp] Restoring connection for 2e222fd3-fa5c-406c-8509-b3106580847c:b746102e1cb24972a516bca8f2dbbfc4
[I 21:16:47.156 NotebookApp] Replaying 4 buffered messages
[I 21:17:02.703 NotebookApp] Saving file at /kronnc-changewarm-up.ipynb
[I 21:18:11.387 NotebookApp] Kernel interrupted: 2e222fd3-fa5c-406c-8509-b3106580847c
[I 21:19:02.644 NotebookApp] Saving file at /kronnc-changewarm-up.ipynb
[I 21:21:03.284 NotebookApp] Saving file at /kronnc-changewarm-up.ipynb
[I 21:25:02.683 NotebookApp] Saving file at /kronnc-changewarm-up.ipynb
[I 21:27:02.664 NotebookApp] Saving file at /kronnc-changewarm-up.ipynb
[I 21:29:02.664 NotebookApp] Saving file at /kronnc-changewarm-up.ipynb
[I 21:31:02.706 NotebookApp] Saving file at /kronnc-changewarm-up.ipynb
[I 21:33:02.742 NotebookApp] Saving file at /kronnc-changewarm-up.ipynb
[I 21:34:41.803 NotebookApp] Kernel interrupted: 2e222fd3-fa5c-406c-8509-b3106580847c
[I 21:34:41.952 NotebookApp] Kernel interrupted: 2e222fd3-fa5c-406c-8509-b3106580847c
[I 21:34:42.090 NotebookApp] Kernel interrupted: 2e222fd3-fa5c-406c-8509-b3106580847c
[I 21:35:02.674 NotebookApp] Saving file at /kronnc-changewarm-up.ipynb
[I 21:35:26.258 NotebookApp] Copying kronnc-changewarm-up.ipynb to 
[I 21:35:28.964 NotebookApp] Kernel started: 53ada6db-fbf1-45f6-8132-c560bde038f4
[I 21:37:03.009 NotebookApp] Saving file at /kronnc-changewarm-up.ipynb
[I 21:37:28.997 NotebookApp] Saving file at /kronnc-union_gnn.py.ipynb
[I 21:37:55.042 NotebookApp] Saving file at /kronnc-union_gnn.py.ipynb
[I 21:39:03.044 NotebookApp] Saving file at /kronnc-changewarm-up.ipynb
[I 21:40:50.878 NotebookApp] Saving file at /kronnc-union_gnn.py.ipynb
[I 21:40:51.906 NotebookApp] Saving file at /kronnc-union_gnn.py.ipynb
[I 21:41:03.044 NotebookApp] Saving file at /kronnc-changewarm-up.ipynb
[I 21:41:28.985 NotebookApp] Saving file at /kronnc-union_gnn.py.ipynb
[I 21:42:10.634 NotebookApp] Saving file at /kronnc-union_gnn.py.ipynb
[I 21:43:03.092 NotebookApp] Saving file at /kronnc-changewarm-up.ipynb
[I 21:43:29.010 NotebookApp] Saving file at /kronnc-union_gnn.py.ipynb
[I 21:45:03.006 NotebookApp] Saving file at /kronnc-changewarm-up.ipynb
[I 21:45:29.050 NotebookApp] Saving file at /kronnc-union_gnn.py.ipynb
[I 21:47:03.041 NotebookApp] Saving file at /kronnc-changewarm-up.ipynb
[I 21:47:23.764 NotebookApp] Saving file at /kronnc-union_gnn.py.ipynb
[I 21:47:28.990 NotebookApp] Saving file at /kronnc-union_gnn.py.ipynb
[I 21:48:10.254 NotebookApp] Kernel interrupted: 53ada6db-fbf1-45f6-8132-c560bde038f4
[I 21:49:03.068 NotebookApp] Saving file at /kronnc-changewarm-up.ipynb
[I 21:49:29.050 NotebookApp] Saving file at /kronnc-union_gnn.py.ipynb
[I 21:51:03.061 NotebookApp] Saving file at /kronnc-changewarm-up.ipynb
[I 21:51:29.057 NotebookApp] Saving file at /kronnc-union_gnn.py.ipynb
[I 21:52:03.754 NotebookApp] Starting buffering for 53ada6db-fbf1-45f6-8132-c560bde038f4:532b3d2de5c6428088452b765abf1eec
[I 21:52:04.473 NotebookApp] Kernel restarted: 53ada6db-fbf1-45f6-8132-c560bde038f4
[I 21:52:05.183 NotebookApp] Restoring connection for 53ada6db-fbf1-45f6-8132-c560bde038f4:532b3d2de5c6428088452b765abf1eec
[I 21:52:05.183 NotebookApp] Replaying 5 buffered messages
[I 21:53:03.027 NotebookApp] Saving file at /kronnc-changewarm-up.ipynb
[I 21:53:29.093 NotebookApp] Saving file at /kronnc-union_gnn.py.ipynb
[I 21:55:03.025 NotebookApp] Saving file at /kronnc-changewarm-up.ipynb
[I 21:55:26.951 NotebookApp] Saving file at /kronnc-union_gnn.py.ipynb
[I 21:57:29.082 NotebookApp] Saving file at /kronnc-union_gnn.py.ipynb
[I 21:59:02.778 NotebookApp] Saving file at /kronnc-changewarm-up.ipynb
[I 22:01:02.757 NotebookApp] Saving file at /kronnc-changewarm-up.ipynb
[I 22:03:02.708 NotebookApp] Saving file at /kronnc-changewarm-up.ipynb
[I 22:05:02.724 NotebookApp] Saving file at /kronnc-changewarm-up.ipynb
[I 22:07:03.099 NotebookApp] Saving file at /kronnc-changewarm-up.ipynb
[I 22:09:03.126 NotebookApp] Saving file at /kronnc-changewarm-up.ipynb
[I 22:09:29.102 NotebookApp] Saving file at /kronnc-union_gnn.py.ipynb
[I 22:11:03.051 NotebookApp] Saving file at /kronnc-changewarm-up.ipynb
[I 22:11:29.068 NotebookApp] Saving file at /kronnc-union_gnn.py.ipynb
[I 22:13:03.275 NotebookApp] Saving file at /kronnc-changewarm-up.ipynb
[I 22:13:29.051 NotebookApp] Saving file at /kronnc-union_gnn.py.ipynb
[I 22:13:41.219 NotebookApp] Starting buffering for 53ada6db-fbf1-45f6-8132-c560bde038f4:532b3d2de5c6428088452b765abf1eec
[I 22:13:41.221 NotebookApp] Starting buffering for 2e222fd3-fa5c-406c-8509-b3106580847c:b746102e1cb24972a516bca8f2dbbfc4
[I 22:13:42.258 NotebookApp] Restoring connection for 53ada6db-fbf1-45f6-8132-c560bde038f4:532b3d2de5c6428088452b765abf1eec
[I 22:13:43.044 NotebookApp] Restoring connection for 2e222fd3-fa5c-406c-8509-b3106580847c:b746102e1cb24972a516bca8f2dbbfc4
[W 22:15:12.259 NotebookApp] WebSocket ping timeout after 90000 ms.
[W 22:15:13.044 NotebookApp] WebSocket ping timeout after 90001 ms.
[I 22:15:17.260 NotebookApp] Starting buffering for 53ada6db-fbf1-45f6-8132-c560bde038f4:532b3d2de5c6428088452b765abf1eec
[I 22:15:18.047 NotebookApp] Starting buffering for 2e222fd3-fa5c-406c-8509-b3106580847c:b746102e1cb24972a516bca8f2dbbfc4
[I 22:35:11.425 NotebookApp] Kernel restarted: 53ada6db-fbf1-45f6-8132-c560bde038f4
[I 22:35:12.022 NotebookApp] Restoring connection for 53ada6db-fbf1-45f6-8132-c560bde038f4:532b3d2de5c6428088452b765abf1eec
[I 22:35:12.022 NotebookApp] Replaying 5 buffered messages
[I 22:35:45.417 NotebookApp] Saving file at /kronnc-changewarm-up.ipynb
[I 22:36:11.422 NotebookApp] Saving file at /kronnc-union_gnn.py.ipynb
[I 22:38:11.412 NotebookApp] Saving file at /kronnc-union_gnn.py.ipynb
[I 22:40:11.392 NotebookApp] Saving file at /kronnc-union_gnn.py.ipynb
[I 22:42:11.394 NotebookApp] Saving file at /kronnc-union_gnn.py.ipynb
[I 22:43:27.402 NotebookApp] Restoring connection for 2e222fd3-fa5c-406c-8509-b3106580847c:b746102e1cb24972a516bca8f2dbbfc4
[I 22:43:27.402 NotebookApp] Replaying 102 buffered messages
[I 22:43:45.431 NotebookApp] Saving file at /kronnc-changewarm-up.ipynb
[I 22:44:11.412 NotebookApp] Saving file at /kronnc-union_gnn.py.ipynb
[I 22:46:11.409 NotebookApp] Saving file at /kronnc-union_gnn.py.ipynb
[I 22:48:11.399 NotebookApp] Saving file at /kronnc-union_gnn.py.ipynb
[I 22:50:11.410 NotebookApp] Saving file at /kronnc-union_gnn.py.ipynb
[I 22:51:45.439 NotebookApp] Saving file at /kronnc-changewarm-up.ipynb
[I 22:52:11.423 NotebookApp] Saving file at /kronnc-union_gnn.py.ipynb
[I 22:53:45.437 NotebookApp] Saving file at /kronnc-changewarm-up.ipynb
[I 22:54:11.442 NotebookApp] Saving file at /kronnc-union_gnn.py.ipynb
[I 22:54:32.271 NotebookApp] Starting buffering for 53ada6db-fbf1-45f6-8132-c560bde038f4:532b3d2de5c6428088452b765abf1eec
[I 22:54:32.982 NotebookApp] Kernel restarted: 53ada6db-fbf1-45f6-8132-c560bde038f4
[I 22:54:33.508 NotebookApp] Restoring connection for 53ada6db-fbf1-45f6-8132-c560bde038f4:532b3d2de5c6428088452b765abf1eec
[I 22:54:33.508 NotebookApp] Replaying 3 buffered messages
[I 22:55:45.447 NotebookApp] Saving file at /kronnc-changewarm-up.ipynb
[I 22:56:11.397 NotebookApp] Saving file at /kronnc-union_gnn.py.ipynb
[I 22:57:45.440 NotebookApp] Saving file at /kronnc-changewarm-up.ipynb
[I 22:58:11.422 NotebookApp] Saving file at /kronnc-union_gnn.py.ipynb
[I 22:58:55.280 NotebookApp] Saving file at /kronnc-union_gnn.py.ipynb
[I 22:59:45.444 NotebookApp] Saving file at /kronnc-changewarm-up.ipynb
[I 23:00:03.101 NotebookApp] Starting buffering for 53ada6db-fbf1-45f6-8132-c560bde038f4:532b3d2de5c6428088452b765abf1eec
[I 23:00:03.715 NotebookApp] Kernel restarted: 53ada6db-fbf1-45f6-8132-c560bde038f4
[I 23:00:04.273 NotebookApp] Restoring connection for 53ada6db-fbf1-45f6-8132-c560bde038f4:532b3d2de5c6428088452b765abf1eec
[I 23:00:04.273 NotebookApp] Replaying 3 buffered messages
[I 23:00:11.435 NotebookApp] Saving file at /kronnc-union_gnn.py.ipynb
[I 23:01:45.447 NotebookApp] Saving file at /kronnc-changewarm-up.ipynb
[I 23:02:11.437 NotebookApp] Saving file at /kronnc-union_gnn.py.ipynb
[I 23:03:45.429 NotebookApp] Saving file at /kronnc-changewarm-up.ipynb
[I 23:04:11.430 NotebookApp] Saving file at /kronnc-union_gnn.py.ipynb
[I 23:05:45.442 NotebookApp] Saving file at /kronnc-changewarm-up.ipynb
[I 23:06:11.443 NotebookApp] Saving file at /kronnc-union_gnn.py.ipynb
[I 23:06:57.968 NotebookApp] Saving file at /kronnc-union_gnn.py.ipynb
[I 23:07:45.458 NotebookApp] Saving file at /kronnc-changewarm-up.ipynb
[I 23:08:11.453 NotebookApp] Saving file at /kronnc-union_gnn.py.ipynb
[I 23:09:45.785 NotebookApp] Saving file at /kronnc-changewarm-up.ipynb
[I 23:11:45.628 NotebookApp] 302 GET /notebooks/ (172.23.89.178) 0.69ms
[I 23:11:45.650 NotebookApp] Saving file at /kronnc-changewarm-up.ipynb
[I 23:12:03.211 NotebookApp] Kernel started: 118fda2e-6d15-4922-8b31-6cbcb4cde9c7
[W 23:13:43.167 NotebookApp] WebSocket ping timeout after 90000 ms.
[I 23:13:45.732 NotebookApp] Saving file at /kronnc-changewarm-up.ipynb
[I 23:13:48.170 NotebookApp] Starting buffering for 3799d343-acc1-43bb-90ee-3e444d745881:4bbdd1ce696b48f1ac092f8c748c9f4d
[I 23:14:13.468 NotebookApp] Saving file at /kronnc.ipynb
[W 23:14:27.402 NotebookApp] WebSocket ping timeout after 119981 ms.
[E 23:14:28.455 NotebookApp] Uncaught exception GET /api/kernels/2e222fd3-fa5c-406c-8509-b3106580847c/channels?session_id=b746102e1cb24972a516bca8f2dbbfc4 (172.23.89.178)
    HTTPServerRequest(protocol='http', host='172.24.34.190:10000', method='GET', uri='/api/kernels/2e222fd3-fa5c-406c-8509-b3106580847c/channels?session_id=b746102e1cb24972a516bca8f2dbbfc4', version='HTTP/1.1', remote_ip='172.23.89.178')
    Traceback (most recent call last):
      File "/home/chenmy/anaconda3/lib/python3.6/site-packages/tornado/web.py", line 1499, in _stack_context_handle_exception
        raise_exc_info((type, value, traceback))
      File "<string>", line 4, in raise_exc_info
      File "/home/chenmy/anaconda3/lib/python3.6/site-packages/tornado/stack_context.py", line 315, in wrapped
        ret = fn(*args, **kwargs)
      File "/home/chenmy/anaconda3/lib/python3.6/site-packages/zmq/eventloop/zmqstream.py", line 196, in <lambda>
        self.on_recv(lambda msg: callback(self, msg), copy=copy)
      File "/home/chenmy/anaconda3/lib/python3.6/site-packages/notebook/services/kernels/handlers.py", line 418, in _on_zmq_reply
        super(ZMQChannelsHandler, self)._on_zmq_reply(stream, msg)
      File "/home/chenmy/anaconda3/lib/python3.6/site-packages/notebook/base/zmqhandlers.py", line 250, in _on_zmq_reply
        self.write_message(msg, binary=isinstance(msg, bytes))
      File "/home/chenmy/anaconda3/lib/python3.6/site-packages/tornado/websocket.py", line 253, in write_message
        raise WebSocketClosedError()
    tornado.websocket.WebSocketClosedError
[W 23:14:33.770 NotebookApp] WebSocket ping timeout after 119992 ms.
[W 23:14:34.273 NotebookApp] WebSocket ping timeout after 119993 ms.
[I 23:14:38.772 NotebookApp] Starting buffering for 118fda2e-6d15-4922-8b31-6cbcb4cde9c7:f7fb5f6a6b494bdb8229160e44166133
[I 23:14:39.275 NotebookApp] Starting buffering for 53ada6db-fbf1-45f6-8132-c560bde038f4:532b3d2de5c6428088452b765abf1eec
[I 23:15:07.655 NotebookApp] Starting buffering for 2e222fd3-fa5c-406c-8509-b3106580847c:d8c5d17b538d4da28e6d49aeaa3f3f53
[I 23:15:12.736 NotebookApp] Kernel restarted: 2e222fd3-fa5c-406c-8509-b3106580847c
[I 23:15:13.180 NotebookApp] Restoring connection for 2e222fd3-fa5c-406c-8509-b3106580847c:d8c5d17b538d4da28e6d49aeaa3f3f53
[I 23:15:13.181 NotebookApp] Replaying 3 buffered messages
[I 23:15:52.808 NotebookApp] Restoring connection for 118fda2e-6d15-4922-8b31-6cbcb4cde9c7:f7fb5f6a6b494bdb8229160e44166133
[I 23:15:53.474 NotebookApp] Restoring connection for 53ada6db-fbf1-45f6-8132-c560bde038f4:532b3d2de5c6428088452b765abf1eec
[I 23:16:25.568 NotebookApp] Saving file at /kronnc-changewarm-up.ipynb
[I 23:16:47.433 NotebookApp] Restoring connection for 3799d343-acc1-43bb-90ee-3e444d745881:4bbdd1ce696b48f1ac092f8c748c9f4d
[I 23:17:29.062 NotebookApp] Kernel interrupted: 2e222fd3-fa5c-406c-8509-b3106580847c
[I 23:18:25.545 NotebookApp] Saving file at /kronnc-changewarm-up.ipynb
[I 23:18:37.281 NotebookApp] Kernel interrupted: 2e222fd3-fa5c-406c-8509-b3106580847c
[I 23:20:14.800 NotebookApp] Kernel interrupted: 2e222fd3-fa5c-406c-8509-b3106580847c
[I 23:20:25.535 NotebookApp] Saving file at /kronnc-changewarm-up.ipynb
[I 23:21:45.793 NotebookApp] Kernel restarted: 2e222fd3-fa5c-406c-8509-b3106580847c
[I 23:22:25.546 NotebookApp] Saving file at /kronnc-changewarm-up.ipynb
[I 23:22:40.520 NotebookApp] Copying kronnc-changewarm-up.ipynb to 
[I 23:23:50.983 NotebookApp] Kernel interrupted: 2e222fd3-fa5c-406c-8509-b3106580847c
[I 23:24:25.567 NotebookApp] Saving file at /kronnc-changewarm-up.ipynb
[I 23:26:32.133 NotebookApp] Saving file at /kronnc-changewarm-up.ipynb
[W 23:28:16.226 NotebookApp] WebSocket ping timeout after 119984 ms.
[W 23:28:16.447 NotebookApp] WebSocket ping timeout after 119992 ms.
[W 23:28:17.435 NotebookApp] WebSocket ping timeout after 119948 ms.
[E 23:28:18.573 NotebookApp] Uncaught exception GET /api/kernels/2e222fd3-fa5c-406c-8509-b3106580847c/channels?session_id=b746102e1cb24972a516bca8f2dbbfc4 (172.23.89.178)
    HTTPServerRequest(protocol='http', host='172.24.34.190:10000', method='GET', uri='/api/kernels/2e222fd3-fa5c-406c-8509-b3106580847c/channels?session_id=b746102e1cb24972a516bca8f2dbbfc4', version='HTTP/1.1', remote_ip='172.23.89.178')
    Traceback (most recent call last):
      File "/home/chenmy/anaconda3/lib/python3.6/site-packages/tornado/web.py", line 1499, in _stack_context_handle_exception
        raise_exc_info((type, value, traceback))
      File "<string>", line 4, in raise_exc_info
      File "/home/chenmy/anaconda3/lib/python3.6/site-packages/tornado/stack_context.py", line 315, in wrapped
        ret = fn(*args, **kwargs)
      File "/home/chenmy/anaconda3/lib/python3.6/site-packages/zmq/eventloop/zmqstream.py", line 196, in <lambda>
        self.on_recv(lambda msg: callback(self, msg), copy=copy)
      File "/home/chenmy/anaconda3/lib/python3.6/site-packages/notebook/services/kernels/handlers.py", line 418, in _on_zmq_reply
        super(ZMQChannelsHandler, self)._on_zmq_reply(stream, msg)
      File "/home/chenmy/anaconda3/lib/python3.6/site-packages/notebook/base/zmqhandlers.py", line 250, in _on_zmq_reply
        self.write_message(msg, binary=isinstance(msg, bytes))
      File "/home/chenmy/anaconda3/lib/python3.6/site-packages/tornado/websocket.py", line 253, in write_message
        raise WebSocketClosedError()
    tornado.websocket.WebSocketClosedError
[E 23:28:18.574 NotebookApp] Uncaught exception GET /api/kernels/2e222fd3-fa5c-406c-8509-b3106580847c/channels?session_id=d8c5d17b538d4da28e6d49aeaa3f3f53 (172.23.89.178)
    HTTPServerRequest(protocol='http', host='172.24.34.190:10000', method='GET', uri='/api/kernels/2e222fd3-fa5c-406c-8509-b3106580847c/channels?session_id=d8c5d17b538d4da28e6d49aeaa3f3f53', version='HTTP/1.1', remote_ip='172.23.89.178')
    Traceback (most recent call last):
      File "/home/chenmy/anaconda3/lib/python3.6/site-packages/tornado/web.py", line 1499, in _stack_context_handle_exception
        raise_exc_info((type, value, traceback))
      File "<string>", line 4, in raise_exc_info
      File "/home/chenmy/anaconda3/lib/python3.6/site-packages/tornado/stack_context.py", line 315, in wrapped
        ret = fn(*args, **kwargs)
      File "/home/chenmy/anaconda3/lib/python3.6/site-packages/zmq/eventloop/zmqstream.py", line 196, in <lambda>
        self.on_recv(lambda msg: callback(self, msg), copy=copy)
      File "/home/chenmy/anaconda3/lib/python3.6/site-packages/notebook/services/kernels/handlers.py", line 418, in _on_zmq_reply
        super(ZMQChannelsHandler, self)._on_zmq_reply(stream, msg)
      File "/home/chenmy/anaconda3/lib/python3.6/site-packages/notebook/base/zmqhandlers.py", line 250, in _on_zmq_reply
        self.write_message(msg, binary=isinstance(msg, bytes))
      File "/home/chenmy/anaconda3/lib/python3.6/site-packages/tornado/websocket.py", line 253, in write_message
        raise WebSocketClosedError()
    tornado.websocket.WebSocketClosedError
[I 23:28:21.450 NotebookApp] Starting buffering for 2e222fd3-fa5c-406c-8509-b3106580847c:b746102e1cb24972a516bca8f2dbbfc4
[I 23:28:22.438 NotebookApp] Starting buffering for 3799d343-acc1-43bb-90ee-3e444d745881:4bbdd1ce696b48f1ac092f8c748c9f4d
[W 23:28:22.809 NotebookApp] WebSocket ping timeout after 119993 ms.
[W 23:28:23.475 NotebookApp] WebSocket ping timeout after 119993 ms.
[I 23:28:27.810 NotebookApp] Starting buffering for 118fda2e-6d15-4922-8b31-6cbcb4cde9c7:f7fb5f6a6b494bdb8229160e44166133
[I 23:28:28.477 NotebookApp] Starting buffering for 53ada6db-fbf1-45f6-8132-c560bde038f4:532b3d2de5c6428088452b765abf1eec
[I 23:29:57.412 NotebookApp] Kernel interrupted: 2e222fd3-fa5c-406c-8509-b3106580847c
[I 23:29:57.536 NotebookApp] Kernel interrupted: 2e222fd3-fa5c-406c-8509-b3106580847c
[I 23:30:13.802 NotebookApp] Restoring connection for 2e222fd3-fa5c-406c-8509-b3106580847c:b746102e1cb24972a516bca8f2dbbfc4
[I 23:30:13.802 NotebookApp] Replaying 10 buffered messages
[I 23:36:17.204 NotebookApp] Starting buffering for 2e222fd3-fa5c-406c-8509-b3106580847c:b746102e1cb24972a516bca8f2dbbfc4
[I 23:37:06.968 NotebookApp] Restoring connection for 3799d343-acc1-43bb-90ee-3e444d745881:4bbdd1ce696b48f1ac092f8c748c9f4d
[I 23:37:12.655 NotebookApp] Restoring connection for 118fda2e-6d15-4922-8b31-6cbcb4cde9c7:f7fb5f6a6b494bdb8229160e44166133
[I 23:37:13.555 NotebookApp] Restoring connection for 53ada6db-fbf1-45f6-8132-c560bde038f4:532b3d2de5c6428088452b765abf1eec
[I 23:46:25.628 NotebookApp] Saving file at /kronnc-changewarm-up.ipynb
[I 23:52:21.997 NotebookApp] Saving file at /kronnc-union_gnn.py.ipynb
[I 00:30:29.132 NotebookApp] Starting buffering for 53ada6db-fbf1-45f6-8132-c560bde038f4:532b3d2de5c6428088452b765abf1eec
[I 00:30:29.136 NotebookApp] Starting buffering for 118fda2e-6d15-4922-8b31-6cbcb4cde9c7:f7fb5f6a6b494bdb8229160e44166133
[I 00:30:29.137 NotebookApp] Starting buffering for 2e222fd3-fa5c-406c-8509-b3106580847c:d8c5d17b538d4da28e6d49aeaa3f3f53
[I 00:30:29.137 NotebookApp] Starting buffering for 3799d343-acc1-43bb-90ee-3e444d745881:4bbdd1ce696b48f1ac092f8c748c9f4d
[I 00:30:30.144 NotebookApp] Restoring connection for 2e222fd3-fa5c-406c-8509-b3106580847c:d8c5d17b538d4da28e6d49aeaa3f3f53
[I 00:30:30.559 NotebookApp] Restoring connection for 118fda2e-6d15-4922-8b31-6cbcb4cde9c7:f7fb5f6a6b494bdb8229160e44166133
[I 00:30:30.610 NotebookApp] Restoring connection for 3799d343-acc1-43bb-90ee-3e444d745881:4bbdd1ce696b48f1ac092f8c748c9f4d
[W 00:32:00.145 NotebookApp] WebSocket ping timeout after 90001 ms.
[W 00:32:00.535 NotebookApp] WebSocket ping timeout after 90001 ms.
[W 00:32:00.559 NotebookApp] WebSocket ping timeout after 90000 ms.
[W 00:32:00.585 NotebookApp] WebSocket ping timeout after 90000 ms.
[W 00:32:00.612 NotebookApp] WebSocket ping timeout after 90002 ms.
[I 00:32:05.148 NotebookApp] Starting buffering for 2e222fd3-fa5c-406c-8509-b3106580847c:d8c5d17b538d4da28e6d49aeaa3f3f53
[I 00:32:05.561 NotebookApp] Starting buffering for 118fda2e-6d15-4922-8b31-6cbcb4cde9c7:f7fb5f6a6b494bdb8229160e44166133
[I 00:32:05.586 NotebookApp] Starting buffering for 53ada6db-fbf1-45f6-8132-c560bde038f4:532b3d2de5c6428088452b765abf1eec
[I 00:32:05.613 NotebookApp] Starting buffering for 3799d343-acc1-43bb-90ee-3e444d745881:4bbdd1ce696b48f1ac092f8c748c9f4d
[I 00:33:16.909 NotebookApp] Restoring connection for 2e222fd3-fa5c-406c-8509-b3106580847c:d8c5d17b538d4da28e6d49aeaa3f3f53
[I 00:33:17.901 NotebookApp] Restoring connection for 53ada6db-fbf1-45f6-8132-c560bde038f4:532b3d2de5c6428088452b765abf1eec
[I 00:33:18.299 NotebookApp] Restoring connection for 118fda2e-6d15-4922-8b31-6cbcb4cde9c7:f7fb5f6a6b494bdb8229160e44166133
--- Logging error ---
Traceback (most recent call last):
  File "/home/chenmy/anaconda3/lib/python3.6/logging/__init__.py", line 996, in emit
    self.flush()
  File "/home/chenmy/anaconda3/lib/python3.6/logging/__init__.py", line 976, in flush
    self.stream.flush()
OSError: [Errno 28] No space left on device
Call stack:
  File "/home/chenmy/anaconda3/bin/jupyter-notebook", line 11, in <module>
    sys.exit(main())
  File "/home/chenmy/anaconda3/lib/python3.6/site-packages/jupyter_core/application.py", line 266, in launch_instance
    return super(JupyterApp, cls).launch_instance(argv=argv, **kwargs)
  File "/home/chenmy/anaconda3/lib/python3.6/site-packages/traitlets/config/application.py", line 658, in launch_instance
    app.start()
  File "/home/chenmy/anaconda3/lib/python3.6/site-packages/notebook/notebookapp.py", line 1670, in start
    self.io_loop.start()
  File "/home/chenmy/anaconda3/lib/python3.6/site-packages/tornado/platform/asyncio.py", line 127, in start
    self.asyncio_loop.run_forever()
  File "/home/chenmy/anaconda3/lib/python3.6/asyncio/base_events.py", line 422, in run_forever
    self._run_once()
  File "/home/chenmy/anaconda3/lib/python3.6/asyncio/base_events.py", line 1432, in _run_once
    handle._run()
  File "/home/chenmy/anaconda3/lib/python3.6/asyncio/events.py", line 145, in _run
    self._callback(*self._args)
  File "/home/chenmy/anaconda3/lib/python3.6/site-packages/tornado/ioloop.py", line 759, in _run_callback
    ret = callback()
  File "/home/chenmy/anaconda3/lib/python3.6/site-packages/tornado/stack_context.py", line 276, in null_wrapper
    return fn(*args, **kwargs)
  File "/home/chenmy/anaconda3/lib/python3.6/site-packages/tornado/gen.py", line 1199, in inner
    self.run()
  File "/home/chenmy/anaconda3/lib/python3.6/site-packages/tornado/gen.py", line 1113, in run
    yielded = self.gen.send(value)
  File "/home/chenmy/anaconda3/lib/python3.6/site-packages/notebook/base/zmqhandlers.py", line 284, in get
    super(AuthenticatedZMQStreamHandler, self).get(*args, **kwargs)
  File "/home/chenmy/anaconda3/lib/python3.6/site-packages/tornado/web.py", line 1700, in wrapper
    result = method(self, *args, **kwargs)
  File "/home/chenmy/anaconda3/lib/python3.6/site-packages/tornado/websocket.py", line 195, in get
    self.ws_connection.accept_connection()
  File "/home/chenmy/anaconda3/lib/python3.6/site-packages/tornado/websocket.py", line 632, in accept_connection
    self._accept_connection()
  File "/home/chenmy/anaconda3/lib/python3.6/site-packages/tornado/websocket.py", line 701, in _accept_connection
    **self.handler.open_kwargs)
  File "/home/chenmy/anaconda3/lib/python3.6/site-packages/tornado/websocket.py", line 498, in _run_callback
    result = callback(*args, **kwargs)
  File "/home/chenmy/anaconda3/lib/python3.6/site-packages/notebook/services/kernels/handlers.py", line 265, in open
    self.log.info("Restoring connection for %s", self.session_key)
Message: 'Restoring connection for %s'
Arguments: ('118fda2e-6d15-4922-8b31-6cbcb4cde9c7:f7fb5f6a6b494bdb8229160e44166133',)
[I 00:33:18.331 NotebookApp] Restoring connection for 3799d343-acc1-43bb-90ee-3e444d745881:4bbdd1ce696b48f1ac092f8c748c9f4d
--- Logging error ---
Traceback (most recent call last):
  File "/home/chenmy/anaconda3/lib/python3.6/logging/__init__.py", line 996, in emit
    self.flush()
  File "/home/chenmy/anaconda3/lib/python3.6/logging/__init__.py", line 976, in flush
    self.stream.flush()
OSError: [Errno 28] No space left on device
Call stack:
  File "/home/chenmy/anaconda3/bin/jupyter-notebook", line 11, in <module>
    sys.exit(main())
  File "/home/chenmy/anaconda3/lib/python3.6/site-packages/jupyter_core/application.py", line 266, in launch_instance
    return super(JupyterApp, cls).launch_instance(argv=argv, **kwargs)
  File "/home/chenmy/anaconda3/lib/python3.6/site-packages/traitlets/config/application.py", line 658, in launch_instance
    app.start()
  File "/home/chenmy/anaconda3/lib/python3.6/site-packages/notebook/notebookapp.py", line 1670, in start
    self.io_loop.start()
  File "/home/chenmy/anaconda3/lib/python3.6/site-packages/tornado/platform/asyncio.py", line 127, in start
    self.asyncio_loop.run_forever()
  File "/home/chenmy/anaconda3/lib/python3.6/asyncio/base_events.py", line 422, in run_forever
    self._run_once()
  File "/home/chenmy/anaconda3/lib/python3.6/asyncio/base_events.py", line 1432, in _run_once
    handle._run()
  File "/home/chenmy/anaconda3/lib/python3.6/asyncio/events.py", line 145, in _run
    self._callback(*self._args)
  File "/home/chenmy/anaconda3/lib/python3.6/site-packages/tornado/ioloop.py", line 759, in _run_callback
    ret = callback()
  File "/home/chenmy/anaconda3/lib/python3.6/site-packages/tornado/stack_context.py", line 276, in null_wrapper
    return fn(*args, **kwargs)
  File "/home/chenmy/anaconda3/lib/python3.6/site-packages/tornado/iostream.py", line 700, in wrapper
    return callback(*args)
  File "/home/chenmy/anaconda3/lib/python3.6/site-packages/tornado/stack_context.py", line 315, in wrapped
    ret = fn(*args, **kwargs)
  File "/home/chenmy/anaconda3/lib/python3.6/site-packages/tornado/websocket.py", line 440, in on_connection_close
    self.on_close()
  File "/home/chenmy/anaconda3/lib/python3.6/site-packages/notebook/services/kernels/handlers.py", line 442, in on_close
    km.start_buffering(self.kernel_id, self.session_key, self.channels)
  File "/home/chenmy/anaconda3/lib/python3.6/site-packages/notebook/services/kernels/kernelmanager.py", line 190, in start_buffering
    self.log.info("Starting buffering for %s", session_key)
Message: 'Starting buffering for %s'
Arguments: ('118fda2e-6d15-4922-8b31-6cbcb4cde9c7:f7fb5f6a6b494bdb8229160e44166133',)
[I 14:51:40.294 NotebookApp] Saving file at /kronnc-changewarm-up.ipynb
[I 14:00:14.056 NotebookApp] 302 GET /notebooks/ (172.24.136.198) 1.38ms
[I 14:14:01.538 NotebookApp] 302 GET /notebooks/ (172.21.5.53) 10.63ms
[W 14:21:45.801 NotebookApp] Notebook KronEM model.ipynb is not trusted
[I 14:21:45.994 NotebookApp] Kernel started: 6024e863-15ef-4953-88f7-c085825b83cb
[I 14:23:46.026 NotebookApp] Saving file at /KronEM model.ipynb
[W 14:23:46.028 NotebookApp] Notebook KronEM model.ipynb is not trusted
[W 14:36:16.704 NotebookApp] WebSocket ping timeout after 119886 ms.
[I 14:36:21.707 NotebookApp] Starting buffering for 6024e863-15ef-4953-88f7-c085825b83cb:5a6eea2dee73493b8b8763f1d14caf0e
[I 14:41:20.131 NotebookApp] Restoring connection for 6024e863-15ef-4953-88f7-c085825b83cb:5a6eea2dee73493b8b8763f1d14caf0e
[I 15:03:46.514 NotebookApp] Saving file at /KronEM model.ipynb
[W 15:03:46.515 NotebookApp] Notebook KronEM model.ipynb is not trusted
[W 15:04:45.229 NotebookApp] Replacing stale connection: 6024e863-15ef-4953-88f7-c085825b83cb:5a6eea2dee73493b8b8763f1d14caf0e
[W 15:04:50.134 NotebookApp] WebSocket ping timeout after 119992 ms.
[I 15:04:50.231 NotebookApp] Starting buffering for 6024e863-15ef-4953-88f7-c085825b83cb:5a6eea2dee73493b8b8763f1d14caf0e
[I 15:04:50.234 NotebookApp] Restoring connection for 6024e863-15ef-4953-88f7-c085825b83cb:5a6eea2dee73493b8b8763f1d14caf0e
[I 15:05:13.492 NotebookApp] Kernel shutdown: a116b550-21fb-4821-816c-5c86d85e755e
[I 15:05:16.642 NotebookApp] Kernel shutdown: 3799d343-acc1-43bb-90ee-3e444d745881
[W 15:05:16.646 NotebookApp] 404 DELETE /api/sessions/a367ad00-ce35-4323-b961-553b9ab6d394 (172.21.5.53): Session not found: session_id='a367ad00-ce35-4323-b961-553b9ab6d394'
[W 15:05:16.647 NotebookApp] Session not found: session_id='a367ad00-ce35-4323-b961-553b9ab6d394'
[W 15:05:16.647 NotebookApp] 404 DELETE /api/sessions/a367ad00-ce35-4323-b961-553b9ab6d394 (172.21.5.53) 2.43ms referer=http://172.24.34.190:10000/tree
[I 15:05:18.399 NotebookApp] Kernel shutdown: 2e222fd3-fa5c-406c-8509-b3106580847c
[I 15:05:19.724 NotebookApp] Kernel shutdown: 118fda2e-6d15-4922-8b31-6cbcb4cde9c7
[I 15:05:20.761 NotebookApp] Kernel shutdown: 6024e863-15ef-4953-88f7-c085825b83cb
[I 15:05:46.368 NotebookApp] Saving file at /KronEM model.ipynb
[W 15:05:46.368 NotebookApp] Notebook KronEM model.ipynb is not trusted
[I 15:07:09.954 NotebookApp] Saving file at /kronnc-union_gnn.py.ipynb
[I 15:09:09.960 NotebookApp] Saving file at /kronnc-union_gnn.py.ipynb
[I 15:13:09.951 NotebookApp] Saving file at /kronnc-union_gnn.py.ipynb
[I 15:14:48.155 NotebookApp] Kernel restarted: 53ada6db-fbf1-45f6-8132-c560bde038f4
[I 15:14:48.158 NotebookApp] Starting buffering for 53ada6db-fbf1-45f6-8132-c560bde038f4:82399399fa4c4faa8833495ab1c84468
[I 15:14:48.719 NotebookApp] Restoring connection for 53ada6db-fbf1-45f6-8132-c560bde038f4:82399399fa4c4faa8833495ab1c84468
[I 15:14:48.719 NotebookApp] Replaying 6 buffered messages
[I 15:15:09.958 NotebookApp] Saving file at /kronnc-union_gnn.py.ipynb
[I 15:17:09.984 NotebookApp] Saving file at /kronnc-union_gnn.py.ipynb
[I 15:18:23.396 NotebookApp] Saving file at /kronnc-union_gnn.py.ipynb
[I 15:21:51.052 NotebookApp] Starting buffering for 53ada6db-fbf1-45f6-8132-c560bde038f4:82399399fa4c4faa8833495ab1c84468
[I 15:21:52.090 NotebookApp] Restoring connection for 53ada6db-fbf1-45f6-8132-c560bde038f4:82399399fa4c4faa8833495ab1c84468
[W 15:21:52.372 NotebookApp] 404 GET /api/kernels/6024e863-15ef-4953-88f7-c085825b83cb/channels?session_id=5a6eea2dee73493b8b8763f1d14caf0e (172.21.5.53): Kernel does not exist: 6024e863-15ef-4953-88f7-c085825b83cb
[W 15:21:52.384 NotebookApp] 404 GET /api/kernels/6024e863-15ef-4953-88f7-c085825b83cb/channels?session_id=5a6eea2dee73493b8b8763f1d14caf0e (172.21.5.53) 16.00ms referer=None
[W 15:21:55.589 NotebookApp] Replacing stale connection: 6024e863-15ef-4953-88f7-c085825b83cb:5a6eea2dee73493b8b8763f1d14caf0e
[W 15:23:22.091 NotebookApp] WebSocket ping timeout after 90001 ms.
[I 15:23:27.096 NotebookApp] Starting buffering for 53ada6db-fbf1-45f6-8132-c560bde038f4:82399399fa4c4faa8833495ab1c84468
[I 15:31:03.611 NotebookApp] Saving file at /kronnc-union_gnn.py.ipynb
[I 15:31:03.753 NotebookApp] Restoring connection for 53ada6db-fbf1-45f6-8132-c560bde038f4:82399399fa4c4faa8833495ab1c84468
[W 15:31:04.015 NotebookApp] Replacing stale connection: 53ada6db-fbf1-45f6-8132-c560bde038f4:82399399fa4c4faa8833495ab1c84468
[I 15:31:04.022 NotebookApp] Starting buffering for 53ada6db-fbf1-45f6-8132-c560bde038f4:82399399fa4c4faa8833495ab1c84468
[I 15:31:04.024 NotebookApp] Restoring connection for 53ada6db-fbf1-45f6-8132-c560bde038f4:82399399fa4c4faa8833495ab1c84468
[W 15:31:08.478 NotebookApp] Replacing stale connection: 6024e863-15ef-4953-88f7-c085825b83cb:5a6eea2dee73493b8b8763f1d14caf0e
[I 15:31:10.747 NotebookApp] Starting buffering for 53ada6db-fbf1-45f6-8132-c560bde038f4:82399399fa4c4faa8833495ab1c84468
[I 15:33:11.517 NotebookApp] Saving file at /kronnc-union_gnn.py.ipynb
[I 15:33:38.171 NotebookApp] Kernel started: 0433c5d7-eeaf-4d5f-9737-6e3cffc096b1
[I 15:35:11.524 NotebookApp] Saving file at /kronnc-union_gnn.py.ipynb
[W 15:35:25.494 NotebookApp] Replacing stale connection: 6024e863-15ef-4953-88f7-c085825b83cb:5a6eea2dee73493b8b8763f1d14caf0e
[I 15:37:11.524 NotebookApp] Saving file at /kronnc-union_gnn.py.ipynb
[I 15:39:11.516 NotebookApp] Saving file at /kronnc-union_gnn.py.ipynb
[W 15:39:58.508 NotebookApp] Replacing stale connection: 6024e863-15ef-4953-88f7-c085825b83cb:5a6eea2dee73493b8b8763f1d14caf0e
[I 15:41:11.529 NotebookApp] Saving file at /kronnc-union_gnn.py.ipynb
[I 15:43:11.524 NotebookApp] Saving file at /kronnc-union_gnn.py.ipynb
[W 15:45:03.518 NotebookApp] Replacing stale connection: 6024e863-15ef-4953-88f7-c085825b83cb:5a6eea2dee73493b8b8763f1d14caf0e
[I 15:45:11.534 NotebookApp] Saving file at /kronnc-union_gnn.py.ipynb
[I 15:47:11.569 NotebookApp] Saving file at /kronnc-union_gnn.py.ipynb
[I 15:49:11.541 NotebookApp] Saving file at /kronnc-union_gnn.py.ipynb
[I 15:53:11.550 NotebookApp] Saving file at /kronnc-union_gnn.py.ipynb
[I 15:55:11.551 NotebookApp] Saving file at /kronnc-union_gnn.py.ipynb
[I 15:57:11.546 NotebookApp] Saving file at /kronnc-union_gnn.py.ipynb
[I 15:59:11.549 NotebookApp] Saving file at /kronnc-union_gnn.py.ipynb
[I 16:01:11.573 NotebookApp] Saving file at /kronnc-union_gnn.py.ipynb
[I 16:03:11.569 NotebookApp] Saving file at /kronnc-union_gnn.py.ipynb
[I 16:05:11.573 NotebookApp] Saving file at /kronnc-union_gnn.py.ipynb
[I 16:07:11.578 NotebookApp] Saving file at /kronnc-union_gnn.py.ipynb
[I 16:09:11.592 NotebookApp] Saving file at /kronnc-union_gnn.py.ipynb
[I 16:19:11.633 NotebookApp] Saving file at /kronnc-union_gnn.py.ipynb
[I 16:21:11.636 NotebookApp] Saving file at /kronnc-union_gnn.py.ipynb
[I 16:23:11.616 NotebookApp] Saving file at /kronnc-union_gnn.py.ipynb
[I 16:25:11.626 NotebookApp] Saving file at /kronnc-union_gnn.py.ipynb
[I 16:27:11.628 NotebookApp] Saving file at /kronnc-union_gnn.py.ipynb
[I 16:29:11.632 NotebookApp] Saving file at /kronnc-union_gnn.py.ipynb
[I 16:31:11.631 NotebookApp] Saving file at /kronnc-union_gnn.py.ipynb
[I 16:33:11.640 NotebookApp] Saving file at /kronnc-union_gnn.py.ipynb
[I 16:35:11.630 NotebookApp] Saving file at /kronnc-union_gnn.py.ipynb
[I 16:37:11.645 NotebookApp] Saving file at /kronnc-union_gnn.py.ipynb
[I 16:37:15.328 NotebookApp] Starting buffering for 53ada6db-fbf1-45f6-8132-c560bde038f4:7e8989b5115e48578098651cdc9b5f3a
[I 16:37:15.841 NotebookApp] Kernel restarted: 53ada6db-fbf1-45f6-8132-c560bde038f4
[I 16:37:16.336 NotebookApp] Restoring connection for 53ada6db-fbf1-45f6-8132-c560bde038f4:7e8989b5115e48578098651cdc9b5f3a
[I 16:37:16.336 NotebookApp] Replaying 6 buffered messages
[I 16:39:11.627 NotebookApp] Saving file at /kronnc-union_gnn.py.ipynb
[I 16:43:11.636 NotebookApp] Saving file at /kronnc-union_gnn.py.ipynb
[I 16:45:11.660 NotebookApp] Saving file at /kronnc-union_gnn.py.ipynb
[I 16:47:11.640 NotebookApp] Saving file at /kronnc-union_gnn.py.ipynb
[I 16:55:11.675 NotebookApp] Saving file at /kronnc-union_gnn.py.ipynb
[I 16:55:50.807 NotebookApp] 302 GET /notebooks/ (172.21.5.53) 1.65ms
[I 17:01:11.663 NotebookApp] Saving file at /kronnc-union_gnn.py.ipynb
[I 17:03:11.654 NotebookApp] Saving file at /kronnc-union_gnn.py.ipynb
[I 17:07:12.647 NotebookApp] Saving file at /kronnc-union_gnn.py.ipynb
[W 17:12:08.538 NotebookApp] WebSocket ping timeout after 119879 ms.
[I 17:12:13.542 NotebookApp] Starting buffering for 0433c5d7-eeaf-4d5f-9737-6e3cffc096b1:d39a5a0127bc4ec990ab907eacf68f3f
[W 17:12:16.337 NotebookApp] WebSocket ping timeout after 119994 ms.
[I 17:12:21.340 NotebookApp] Starting buffering for 53ada6db-fbf1-45f6-8132-c560bde038f4:7e8989b5115e48578098651cdc9b5f3a
[I 17:17:11.756 NotebookApp] Saving file at /kronnc-union_gnn.py.ipynb
[I 17:18:00.410 NotebookApp] Restoring connection for 53ada6db-fbf1-45f6-8132-c560bde038f4:7e8989b5115e48578098651cdc9b5f3a
[I 17:20:58.675 NotebookApp] Restoring connection for 0433c5d7-eeaf-4d5f-9737-6e3cffc096b1:d39a5a0127bc4ec990ab907eacf68f3f
[I 18:00:19.523 NotebookApp] Kernel interrupted: 53ada6db-fbf1-45f6-8132-c560bde038f4
[I 18:00:19.975 NotebookApp] Kernel interrupted: 53ada6db-fbf1-45f6-8132-c560bde038f4
[I 18:00:20.131 NotebookApp] Kernel interrupted: 53ada6db-fbf1-45f6-8132-c560bde038f4
[I 18:00:21.620 NotebookApp] Starting buffering for 53ada6db-fbf1-45f6-8132-c560bde038f4:7e8989b5115e48578098651cdc9b5f3a
[I 18:02:22.597 NotebookApp] Saving file at /kronnc-union_gnn.py.ipynb
[I 18:04:22.607 NotebookApp] Saving file at /kronnc-union_gnn.py.ipynb
[I 18:06:22.614 NotebookApp] Saving file at /kronnc-union_gnn.py.ipynb
[I 18:08:22.752 NotebookApp] Saving file at /kronnc-union_gnn.py.ipynb
[I 18:18:22.635 NotebookApp] Saving file at /kronnc-union_gnn.py.ipynb
[I 18:20:23.001 NotebookApp] Saving file at /kronnc-union_gnn.py.ipynb
[I 18:22:23.090 NotebookApp] Saving file at /kronnc-union_gnn.py.ipynb
[I 18:24:23.845 NotebookApp] Starting buffering for 0433c5d7-eeaf-4d5f-9737-6e3cffc096b1:d39a5a0127bc4ec990ab907eacf68f3f
[I 18:24:23.846 NotebookApp] Starting buffering for 53ada6db-fbf1-45f6-8132-c560bde038f4:8bd8a6dde7784f5484410601e8a82578
[I 18:24:25.027 NotebookApp] Restoring connection for 0433c5d7-eeaf-4d5f-9737-6e3cffc096b1:d39a5a0127bc4ec990ab907eacf68f3f
[I 18:24:25.064 NotebookApp] Restoring connection for 53ada6db-fbf1-45f6-8132-c560bde038f4:8bd8a6dde7784f5484410601e8a82578
[W 18:25:55.028 NotebookApp] WebSocket ping timeout after 90001 ms.
[W 18:25:55.066 NotebookApp] WebSocket ping timeout after 90002 ms.
[I 18:26:00.031 NotebookApp] Starting buffering for 0433c5d7-eeaf-4d5f-9737-6e3cffc096b1:d39a5a0127bc4ec990ab907eacf68f3f
[I 18:26:00.069 NotebookApp] Starting buffering for 53ada6db-fbf1-45f6-8132-c560bde038f4:8bd8a6dde7784f5484410601e8a82578
[I 18:32:59.043 NotebookApp] Restoring connection for 53ada6db-fbf1-45f6-8132-c560bde038f4:8bd8a6dde7784f5484410601e8a82578
[I 18:32:59.218 NotebookApp] Restoring connection for 0433c5d7-eeaf-4d5f-9737-6e3cffc096b1:d39a5a0127bc4ec990ab907eacf68f3f
[I 18:39:49.971 NotebookApp] Saving file at /kronnc-union_gnn.py.ipynb
[I 18:41:49.675 NotebookApp] Saving file at /kronnc-union_gnn.py.ipynb
[I 18:57:49.553 NotebookApp] Saving file at /kronnc-union_gnn.py.ipynb
[I 18:59:49.982 NotebookApp] Saving file at /kronnc-union_gnn.py.ipynb
[I 19:11:50.033 NotebookApp] Saving file at /kronnc-union_gnn.py.ipynb
[I 19:18:15.083 NotebookApp] Saving file at /kronnc-union_gnn.py.ipynb
[I 19:21:49.573 NotebookApp] Saving file at /kronnc-union_gnn.py.ipynb
[I 19:23:49.567 NotebookApp] Saving file at /kronnc-union_gnn.py.ipynb
[I 19:25:49.995 NotebookApp] Saving file at /kronnc-union_gnn.py.ipynb
[I 19:27:50.150 NotebookApp] Saving file at /kronnc-union_gnn.py.ipynb
[I 19:29:50.022 NotebookApp] Saving file at /kronnc-union_gnn.py.ipynb
[I 19:35:50.041 NotebookApp] Saving file at /kronnc-union_gnn.py.ipynb
[I 19:37:50.030 NotebookApp] Saving file at /kronnc-union_gnn.py.ipynb
[I 19:41:50.045 NotebookApp] Saving file at /kronnc-union_gnn.py.ipynb
[I 19:43:50.040 NotebookApp] Saving file at /kronnc-union_gnn.py.ipynb
[I 19:45:49.609 NotebookApp] Saving file at /kronnc-union_gnn.py.ipynb
[I 19:47:49.602 NotebookApp] Saving file at /kronnc-union_gnn.py.ipynb
[I 19:49:49.624 NotebookApp] Saving file at /kronnc-union_gnn.py.ipynb
[I 19:51:49.602 NotebookApp] Saving file at /kronnc-union_gnn.py.ipynb
[I 19:53:49.715 NotebookApp] Saving file at /kronnc-union_gnn.py.ipynb
[I 19:55:50.304 NotebookApp] Saving file at /kronnc-union_gnn.py.ipynb
[I 20:07:49.664 NotebookApp] Saving file at /kronnc-union_gnn.py.ipynb
[I 20:09:49.649 NotebookApp] Saving file at /kronnc-union_gnn.py.ipynb
[I 20:11:49.647 NotebookApp] Saving file at /kronnc-union_gnn.py.ipynb
[I 20:13:49.877 NotebookApp] Saving file at /kronnc-union_gnn.py.ipynb
[I 20:15:49.658 NotebookApp] Saving file at /kronnc-union_gnn.py.ipynb
[I 20:17:49.661 NotebookApp] Saving file at /kronnc-union_gnn.py.ipynb
[I 20:19:49.655 NotebookApp] Saving file at /kronnc-union_gnn.py.ipynb
[I 20:21:49.742 NotebookApp] Saving file at /kronnc-union_gnn.py.ipynb
[I 20:23:49.667 NotebookApp] Saving file at /kronnc-union_gnn.py.ipynb
[I 20:24:46.042 NotebookApp] Starting buffering for 0433c5d7-eeaf-4d5f-9737-6e3cffc096b1:d39a5a0127bc4ec990ab907eacf68f3f
[I 20:24:46.043 NotebookApp] Starting buffering for 53ada6db-fbf1-45f6-8132-c560bde038f4:8bd8a6dde7784f5484410601e8a82578
[I 20:24:47.079 NotebookApp] Restoring connection for 53ada6db-fbf1-45f6-8132-c560bde038f4:8bd8a6dde7784f5484410601e8a82578
[W 20:26:17.081 NotebookApp] WebSocket ping timeout after 90001 ms.
[W 20:26:17.111 NotebookApp] WebSocket ping timeout after 90000 ms.
[W 20:26:17.778 NotebookApp] WebSocket ping timeout after 90001 ms.
[I 20:26:22.083 NotebookApp] Starting buffering for 53ada6db-fbf1-45f6-8132-c560bde038f4:8bd8a6dde7784f5484410601e8a82578
[I 20:26:22.781 NotebookApp] Starting buffering for 0433c5d7-eeaf-4d5f-9737-6e3cffc096b1:d39a5a0127bc4ec990ab907eacf68f3f
[I 20:51:00.726 NotebookApp] Restoring connection for 53ada6db-fbf1-45f6-8132-c560bde038f4:8bd8a6dde7784f5484410601e8a82578
[I 20:51:01.596 NotebookApp] Restoring connection for 0433c5d7-eeaf-4d5f-9737-6e3cffc096b1:d39a5a0127bc4ec990ab907eacf68f3f
[I 20:52:01.563 NotebookApp] Saving file at /kronnc-union_gnn.py.ipynb
[I 20:54:01.492 NotebookApp] Saving file at /kronnc-union_gnn.py.ipynb
[I 20:56:01.502 NotebookApp] Saving file at /kronnc-union_gnn.py.ipynb
[I 20:58:01.503 NotebookApp] Saving file at /kronnc-union_gnn.py.ipynb
[I 20:58:12.790 NotebookApp] Kernel started: 202e8f10-53b2-4a9a-a371-967f35077912
[I 20:58:48.661 NotebookApp] Saving file at /kronnc-union_gnn.py.ipynb
[I 21:00:01.641 NotebookApp] Saving file at /kronnc-union_gnn.py.ipynb
[I 21:04:01.518 NotebookApp] Saving file at /kronnc-union_gnn.py.ipynb
[I 21:05:17.329 NotebookApp] Saving file at /kronnc-changewarm-up.ipynb
[I 21:06:01.525 NotebookApp] Saving file at /kronnc-union_gnn.py.ipynb
[I 21:08:01.508 NotebookApp] Saving file at /kronnc-union_gnn.py.ipynb
[I 21:10:01.508 NotebookApp] Saving file at /kronnc-union_gnn.py.ipynb
[I 21:12:01.959 NotebookApp] Saving file at /kronnc-union_gnn.py.ipynb
[I 21:14:01.519 NotebookApp] Saving file at /kronnc-union_gnn.py.ipynb
[I 21:16:01.518 NotebookApp] Saving file at /kronnc-union_gnn.py.ipynb
[I 21:18:01.518 NotebookApp] Saving file at /kronnc-union_gnn.py.ipynb
[I 21:20:01.522 NotebookApp] Saving file at /kronnc-union_gnn.py.ipynb
[I 21:22:01.541 NotebookApp] Saving file at /kronnc-union_gnn.py.ipynb
[I 21:22:40.370 NotebookApp] Saving file at /kronnc-union_gnn.py.ipynb
[I 21:22:41.676 NotebookApp] Saving file at /kronnc-union_gnn.py.ipynb
[I 21:28:01.685 NotebookApp] Saving file at /kronnc-union_gnn.py.ipynb
[I 21:30:01.647 NotebookApp] Saving file at /kronnc-union_gnn.py.ipynb
[I 21:36:01.575 NotebookApp] Saving file at /kronnc-union_gnn.py.ipynb
[I 21:38:01.656 NotebookApp] Saving file at /kronnc-union_gnn.py.ipynb
[I 21:40:01.661 NotebookApp] Saving file at /kronnc-union_gnn.py.ipynb
[I 21:52:01.585 NotebookApp] Saving file at /kronnc-union_gnn.py.ipynb
[I 21:54:01.577 NotebookApp] Saving file at /kronnc-union_gnn.py.ipynb
[I 21:56:01.694 NotebookApp] Saving file at /kronnc-union_gnn.py.ipynb
[I 22:00:01.583 NotebookApp] Saving file at /kronnc-union_gnn.py.ipynb
[I 22:02:01.711 NotebookApp] Saving file at /kronnc-union_gnn.py.ipynb
[I 22:04:01.588 NotebookApp] Saving file at /kronnc-union_gnn.py.ipynb
[I 22:06:01.613 NotebookApp] Saving file at /kronnc-union_gnn.py.ipynb
[I 22:08:01.593 NotebookApp] Saving file at /kronnc-union_gnn.py.ipynb
[I 22:10:01.598 NotebookApp] Saving file at /kronnc-union_gnn.py.ipynb
[I 22:12:01.661 NotebookApp] Saving file at /kronnc-union_gnn.py.ipynb
[I 22:14:01.709 NotebookApp] Saving file at /kronnc-union_gnn.py.ipynb
[I 22:16:01.601 NotebookApp] Saving file at /kronnc-union_gnn.py.ipynb
[I 22:18:01.720 NotebookApp] Saving file at /kronnc-union_gnn.py.ipynb
[I 22:20:01.627 NotebookApp] Saving file at /kronnc-union_gnn.py.ipynb
[I 22:22:01.612 NotebookApp] Saving file at /kronnc-union_gnn.py.ipynb
THCudaCheck FAIL file=/tmp/pip-req-build-4baxydiv/aten/src/THC/THCCachingHostAllocator.cpp line=278 error=59 : device-side assert triggered
/tmp/pip-req-build-4baxydiv/aten/src/ATen/native/cuda/IndexKernel.cu:60: lambda [](int)->auto::operator()(int)->auto: block: [0,0,0], thread: [0,0,0] Assertion `index >= -sizes[i] && index < sizes[i] && "index out of bounds"` failed.
/tmp/pip-req-build-4baxydiv/aten/src/ATen/native/cuda/IndexKernel.cu:60: lambda [](int)->auto::operator()(int)->auto: block: [0,0,0], thread: [2,0,0] Assertion `index >= -sizes[i] && index < sizes[i] && "index out of bounds"` failed.
/tmp/pip-req-build-4baxydiv/aten/src/ATen/native/cuda/IndexKernel.cu:60: lambda [](int)->auto::operator()(int)->auto: block: [0,0,0], thread: [4,0,0] Assertion `index >= -sizes[i] && index < sizes[i] && "index out of bounds"` failed.
/tmp/pip-req-build-4baxydiv/aten/src/ATen/native/cuda/IndexKernel.cu:60: lambda [](int)->auto::operator()(int)->auto: block: [0,0,0], thread: [5,0,0] Assertion `index >= -sizes[i] && index < sizes[i] && "index out of bounds"` failed.
/tmp/pip-req-build-4baxydiv/aten/src/ATen/native/cuda/IndexKernel.cu:60: lambda [](int)->auto::operator()(int)->auto: block: [0,0,0], thread: [7,0,0] Assertion `index >= -sizes[i] && index < sizes[i] && "index out of bounds"` failed.
/tmp/pip-req-build-4baxydiv/aten/src/ATen/native/cuda/IndexKernel.cu:60: lambda [](int)->auto::operator()(int)->auto: block: [0,0,0], thread: [8,0,0] Assertion `index >= -sizes[i] && index < sizes[i] && "index out of bounds"` failed.
/tmp/pip-req-build-4baxydiv/aten/src/ATen/native/cuda/IndexKernel.cu:60: lambda [](int)->auto::operator()(int)->auto: block: [0,0,0], thread: [11,0,0] Assertion `index >= -sizes[i] && index < sizes[i] && "index out of bounds"` failed.
/tmp/pip-req-build-4baxydiv/aten/src/ATen/native/cuda/IndexKernel.cu:60: lambda [](int)->auto::operator()(int)->auto: block: [0,0,0], thread: [13,0,0] Assertion `index >= -sizes[i] && index < sizes[i] && "index out of bounds"` failed.
/tmp/pip-req-build-4baxydiv/aten/src/ATen/native/cuda/IndexKernel.cu:60: lambda [](int)->auto::operator()(int)->auto: block: [0,0,0], thread: [14,0,0] Assertion `index >= -sizes[i] && index < sizes[i] && "index out of bounds"` failed.
/tmp/pip-req-build-4baxydiv/aten/src/ATen/native/cuda/IndexKernel.cu:60: lambda [](int)->auto::operator()(int)->auto: block: [0,0,0], thread: [15,0,0] Assertion `index >= -sizes[i] && index < sizes[i] && "index out of bounds"` failed.
/tmp/pip-req-build-4baxydiv/aten/src/ATen/native/cuda/IndexKernel.cu:60: lambda [](int)->auto::operator()(int)->auto: block: [0,0,0], thread: [17,0,0] Assertion `index >= -sizes[i] && index < sizes[i] && "index out of bounds"` failed.
/tmp/pip-req-build-4baxydiv/aten/src/ATen/native/cuda/IndexKernel.cu:60: lambda [](int)->auto::operator()(int)->auto: block: [0,0,0], thread: [20,0,0] Assertion `index >= -sizes[i] && index < sizes[i] && "index out of bounds"` failed.
/tmp/pip-req-build-4baxydiv/aten/src/ATen/native/cuda/IndexKernel.cu:60: lambda [](int)->auto::operator()(int)->auto: block: [0,0,0], thread: [21,0,0] Assertion `index >= -sizes[i] && index < sizes[i] && "index out of bounds"` failed.
/tmp/pip-req-build-4baxydiv/aten/src/ATen/native/cuda/IndexKernel.cu:60: lambda [](int)->auto::operator()(int)->auto: block: [0,0,0], thread: [24,0,0] Assertion `index >= -sizes[i] && index < sizes[i] && "index out of bounds"` failed.
/tmp/pip-req-build-4baxydiv/aten/src/ATen/native/cuda/IndexKernel.cu:60: lambda [](int)->auto::operator()(int)->auto: block: [0,0,0], thread: [96,0,0] Assertion `index >= -sizes[i] && index < sizes[i] && "index out of bounds"` failed.
/tmp/pip-req-build-4baxydiv/aten/src/ATen/native/cuda/IndexKernel.cu:60: lambda [](int)->auto::operator()(int)->auto: block: [0,0,0], thread: [100,0,0] Assertion `index >= -sizes[i] && index < sizes[i] && "index out of bounds"` failed.
/tmp/pip-req-build-4baxydiv/aten/src/ATen/native/cuda/IndexKernel.cu:60: lambda [](int)->auto::operator()(int)->auto: block: [0,0,0], thread: [102,0,0] Assertion `index >= -sizes[i] && index < sizes[i] && "index out of bounds"` failed.
/tmp/pip-req-build-4baxydiv/aten/src/ATen/native/cuda/IndexKernel.cu:60: lambda [](int)->auto::operator()(int)->auto: block: [0,0,0], thread: [107,0,0] Assertion `index >= -sizes[i] && index < sizes[i] && "index out of bounds"` failed.
/tmp/pip-req-build-4baxydiv/aten/src/ATen/native/cuda/IndexKernel.cu:60: lambda [](int)->auto::operator()(int)->auto: block: [0,0,0], thread: [108,0,0] Assertion `index >= -sizes[i] && index < sizes[i] && "index out of bounds"` failed.
/tmp/pip-req-build-4baxydiv/aten/src/ATen/native/cuda/IndexKernel.cu:60: lambda [](int)->auto::operator()(int)->auto: block: [0,0,0], thread: [109,0,0] Assertion `index >= -sizes[i] && index < sizes[i] && "index out of bounds"` failed.
/tmp/pip-req-build-4baxydiv/aten/src/ATen/native/cuda/IndexKernel.cu:60: lambda [](int)->auto::operator()(int)->auto: block: [0,0,0], thread: [110,0,0] Assertion `index >= -sizes[i] && index < sizes[i] && "index out of bounds"` failed.
/tmp/pip-req-build-4baxydiv/aten/src/ATen/native/cuda/IndexKernel.cu:60: lambda [](int)->auto::operator()(int)->auto: block: [0,0,0], thread: [111,0,0] Assertion `index >= -sizes[i] && index < sizes[i] && "index out of bounds"` failed.
/tmp/pip-req-build-4baxydiv/aten/src/ATen/native/cuda/IndexKernel.cu:60: lambda [](int)->auto::operator()(int)->auto: block: [0,0,0], thread: [115,0,0] Assertion `index >= -sizes[i] && index < sizes[i] && "index out of bounds"` failed.
/tmp/pip-req-build-4baxydiv/aten/src/ATen/native/cuda/IndexKernel.cu:60: lambda [](int)->auto::operator()(int)->auto: block: [0,0,0], thread: [120,0,0] Assertion `index >= -sizes[i] && index < sizes[i] && "index out of bounds"` failed.
/tmp/pip-req-build-4baxydiv/aten/src/ATen/native/cuda/IndexKernel.cu:60: lambda [](int)->auto::operator()(int)->auto: block: [0,0,0], thread: [123,0,0] Assertion `index >= -sizes[i] && index < sizes[i] && "index out of bounds"` failed.
/tmp/pip-req-build-4baxydiv/aten/src/ATen/native/cuda/IndexKernel.cu:60: lambda [](int)->auto::operator()(int)->auto: block: [0,0,0], thread: [124,0,0] Assertion `index >= -sizes[i] && index < sizes[i] && "index out of bounds"` failed.
/tmp/pip-req-build-4baxydiv/aten/src/ATen/native/cuda/IndexKernel.cu:60: lambda [](int)->auto::operator()(int)->auto: block: [0,0,0], thread: [125,0,0] Assertion `index >= -sizes[i] && index < sizes[i] && "index out of bounds"` failed.
/tmp/pip-req-build-4baxydiv/aten/src/ATen/native/cuda/IndexKernel.cu:60: lambda [](int)->auto::operator()(int)->auto: block: [0,0,0], thread: [126,0,0] Assertion `index >= -sizes[i] && index < sizes[i] && "index out of bounds"` failed.
/tmp/pip-req-build-4baxydiv/aten/src/ATen/native/cuda/IndexKernel.cu:60: lambda [](int)->auto::operator()(int)->auto: block: [0,0,0], thread: [127,0,0] Assertion `index >= -sizes[i] && index < sizes[i] && "index out of bounds"` failed.
/tmp/pip-req-build-4baxydiv/aten/src/ATen/native/cuda/IndexKernel.cu:60: lambda [](int)->auto::operator()(int)->auto: block: [0,0,0], thread: [64,0,0] Assertion `index >= -sizes[i] && index < sizes[i] && "index out of bounds"` failed.
/tmp/pip-req-build-4baxydiv/aten/src/ATen/native/cuda/IndexKernel.cu:60: lambda [](int)->auto::operator()(int)->auto: block: [0,0,0], thread: [65,0,0] Assertion `index >= -sizes[i] && index < sizes[i] && "index out of bounds"` failed.
/tmp/pip-req-build-4baxydiv/aten/src/ATen/native/cuda/IndexKernel.cu:60: lambda [](int)->auto::operator()(int)->auto: block: [0,0,0], thread: [66,0,0] Assertion `index >= -sizes[i] && index < sizes[i] && "index out of bounds"` failed.
/tmp/pip-req-build-4baxydiv/aten/src/ATen/native/cuda/IndexKernel.cu:60: lambda [](int)->auto::operator()(int)->auto: block: [0,0,0], thread: [72,0,0] Assertion `index >= -sizes[i] && index < sizes[i] && "index out of bounds"` failed.
/tmp/pip-req-build-4baxydiv/aten/src/ATen/native/cuda/IndexKernel.cu:60: lambda [](int)->auto::operator()(int)->auto: block: [0,0,0], thread: [73,0,0] Assertion `index >= -sizes[i] && index < sizes[i] && "index out of bounds"` failed.
/tmp/pip-req-build-4baxydiv/aten/src/ATen/native/cuda/IndexKernel.cu:60: lambda [](int)->auto::operator()(int)->auto: block: [0,0,0], thread: [76,0,0] Assertion `index >= -sizes[i] && index < sizes[i] && "index out of bounds"` failed.
/tmp/pip-req-build-4baxydiv/aten/src/ATen/native/cuda/IndexKernel.cu:60: lambda [](int)->auto::operator()(int)->auto: block: [0,0,0], thread: [77,0,0] Assertion `index >= -sizes[i] && index < sizes[i] && "index out of bounds"` failed.
/tmp/pip-req-build-4baxydiv/aten/src/ATen/native/cuda/IndexKernel.cu:60: lambda [](int)->auto::operator()(int)->auto: block: [0,0,0], thread: [78,0,0] Assertion `index >= -sizes[i] && index < sizes[i] && "index out of bounds"` failed.
/tmp/pip-req-build-4baxydiv/aten/src/ATen/native/cuda/IndexKernel.cu:60: lambda [](int)->auto::operator()(int)->auto: block: [0,0,0], thread: [79,0,0] Assertion `index >= -sizes[i] && index < sizes[i] && "index out of bounds"` failed.
/tmp/pip-req-build-4baxydiv/aten/src/ATen/native/cuda/IndexKernel.cu:60: lambda [](int)->auto::operator()(int)->auto: block: [0,0,0], thread: [80,0,0] Assertion `index >= -sizes[i] && index < sizes[i] && "index out of bounds"` failed.
/tmp/pip-req-build-4baxydiv/aten/src/ATen/native/cuda/IndexKernel.cu:60: lambda [](int)->auto::operator()(int)->auto: block: [0,0,0], thread: [81,0,0] Assertion `index >= -sizes[i] && index < sizes[i] && "index out of bounds"` failed.
/tmp/pip-req-build-4baxydiv/aten/src/ATen/native/cuda/IndexKernel.cu:60: lambda [](int)->auto::operator()(int)->auto: block: [0,0,0], thread: [84,0,0] Assertion `index >= -sizes[i] && index < sizes[i] && "index out of bounds"` failed.
/tmp/pip-req-build-4baxydiv/aten/src/ATen/native/cuda/IndexKernel.cu:60: lambda [](int)->auto::operator()(int)->auto: block: [0,0,0], thread: [88,0,0] Assertion `index >= -sizes[i] && index < sizes[i] && "index out of bounds"` failed.
/tmp/pip-req-build-4baxydiv/aten/src/ATen/native/cuda/IndexKernel.cu:60: lambda [](int)->auto::operator()(int)->auto: block: [0,0,0], thread: [92,0,0] Assertion `index >= -sizes[i] && index < sizes[i] && "index out of bounds"` failed.
/tmp/pip-req-build-4baxydiv/aten/src/ATen/native/cuda/IndexKernel.cu:60: lambda [](int)->auto::operator()(int)->auto: block: [0,0,0], thread: [93,0,0] Assertion `index >= -sizes[i] && index < sizes[i] && "index out of bounds"` failed.
/tmp/pip-req-build-4baxydiv/aten/src/ATen/native/cuda/IndexKernel.cu:60: lambda [](int)->auto::operator()(int)->auto: block: [0,0,0], thread: [94,0,0] Assertion `index >= -sizes[i] && index < sizes[i] && "index out of bounds"` failed.
/tmp/pip-req-build-4baxydiv/aten/src/ATen/native/cuda/IndexKernel.cu:60: lambda [](int)->auto::operator()(int)->auto: block: [0,0,0], thread: [95,0,0] Assertion `index >= -sizes[i] && index < sizes[i] && "index out of bounds"` failed.
/tmp/pip-req-build-4baxydiv/aten/src/ATen/native/cuda/IndexKernel.cu:60: lambda [](int)->auto::operator()(int)->auto: block: [0,0,0], thread: [32,0,0] Assertion `index >= -sizes[i] && index < sizes[i] && "index out of bounds"` failed.
/tmp/pip-req-build-4baxydiv/aten/src/ATen/native/cuda/IndexKernel.cu:60: lambda [](int)->auto::operator()(int)->auto: block: [0,0,0], thread: [33,0,0] Assertion `index >= -sizes[i] && index < sizes[i] && "index out of bounds"` failed.
/tmp/pip-req-build-4baxydiv/aten/src/ATen/native/cuda/IndexKernel.cu:60: lambda [](int)->auto::operator()(int)->auto: block: [0,0,0], thread: [35,0,0] Assertion `index >= -sizes[i] && index < sizes[i] && "index out of bounds"` failed.
/tmp/pip-req-build-4baxydiv/aten/src/ATen/native/cuda/IndexKernel.cu:60: lambda [](int)->auto::operator()(int)->auto: block: [0,0,0], thread: [38,0,0] Assertion `index >= -sizes[i] && index < sizes[i] && "index out of bounds"` failed.
/tmp/pip-req-build-4baxydiv/aten/src/ATen/native/cuda/IndexKernel.cu:60: lambda [](int)->auto::operator()(int)->auto: block: [0,0,0], thread: [39,0,0] Assertion `index >= -sizes[i] && index < sizes[i] && "index out of bounds"` failed.
/tmp/pip-req-build-4baxydiv/aten/src/ATen/native/cuda/IndexKernel.cu:60: lambda [](int)->auto::operator()(int)->auto: block: [0,0,0], thread: [41,0,0] Assertion `index >= -sizes[i] && index < sizes[i] && "index out of bounds"` failed.
/tmp/pip-req-build-4baxydiv/aten/src/ATen/native/cuda/IndexKernel.cu:60: lambda [](int)->auto::operator()(int)->auto: block: [0,0,0], thread: [42,0,0] Assertion `index >= -sizes[i] && index < sizes[i] && "index out of bounds"` failed.
/tmp/pip-req-build-4baxydiv/aten/src/ATen/native/cuda/IndexKernel.cu:60: lambda [](int)->auto::operator()(int)->auto: block: [0,0,0], thread: [47,0,0] Assertion `index >= -sizes[i] && index < sizes[i] && "index out of bounds"` failed.
/tmp/pip-req-build-4baxydiv/aten/src/ATen/native/cuda/IndexKernel.cu:60: lambda [](int)->auto::operator()(int)->auto: block: [0,0,0], thread: [49,0,0] Assertion `index >= -sizes[i] && index < sizes[i] && "index out of bounds"` failed.
/tmp/pip-req-build-4baxydiv/aten/src/ATen/native/cuda/IndexKernel.cu:60: lambda [](int)->auto::operator()(int)->auto: block: [0,0,0], thread: [50,0,0] Assertion `index >= -sizes[i] && index < sizes[i] && "index out of bounds"` failed.
/tmp/pip-req-build-4baxydiv/aten/src/ATen/native/cuda/IndexKernel.cu:60: lambda [](int)->auto::operator()(int)->auto: block: [0,0,0], thread: [51,0,0] Assertion `index >= -sizes[i] && index < sizes[i] && "index out of bounds"` failed.
/tmp/pip-req-build-4baxydiv/aten/src/ATen/native/cuda/IndexKernel.cu:60: lambda [](int)->auto::operator()(int)->auto: block: [0,0,0], thread: [52,0,0] Assertion `index >= -sizes[i] && index < sizes[i] && "index out of bounds"` failed.
/tmp/pip-req-build-4baxydiv/aten/src/ATen/native/cuda/IndexKernel.cu:60: lambda [](int)->auto::operator()(int)->auto: block: [0,0,0], thread: [55,0,0] Assertion `index >= -sizes[i] && index < sizes[i] && "index out of bounds"` failed.
/tmp/pip-req-build-4baxydiv/aten/src/ATen/native/cuda/IndexKernel.cu:60: lambda [](int)->auto::operator()(int)->auto: block: [0,0,0], thread: [56,0,0] Assertion `index >= -sizes[i] && index < sizes[i] && "index out of bounds"` failed.
/tmp/pip-req-build-4baxydiv/aten/src/ATen/native/cuda/IndexKernel.cu:60: lambda [](int)->auto::operator()(int)->auto: block: [0,0,0], thread: [57,0,0] Assertion `index >= -sizes[i] && index < sizes[i] && "index out of bounds"` failed.
/tmp/pip-req-build-4baxydiv/aten/src/ATen/native/cuda/IndexKernel.cu:60: lambda [](int)->auto::operator()(int)->auto: block: [0,0,0], thread: [59,0,0] Assertion `index >= -sizes[i] && index < sizes[i] && "index out of bounds"` failed.
/tmp/pip-req-build-4baxydiv/aten/src/ATen/native/cuda/IndexKernel.cu:60: lambda [](int)->auto::operator()(int)->auto: block: [0,0,0], thread: [61,0,0] Assertion `index >= -sizes[i] && index < sizes[i] && "index out of bounds"` failed.
/tmp/pip-req-build-4baxydiv/aten/src/ATen/native/cuda/IndexKernel.cu:60: lambda [](int)->auto::operator()(int)->auto: block: [0,0,0], thread: [62,0,0] Assertion `index >= -sizes[i] && index < sizes[i] && "index out of bounds"` failed.
[I 22:22:29.852 NotebookApp] Starting buffering for 53ada6db-fbf1-45f6-8132-c560bde038f4:8bd8a6dde7784f5484410601e8a82578
[I 22:22:31.271 NotebookApp] Kernel restarted: 53ada6db-fbf1-45f6-8132-c560bde038f4
[I 22:22:31.801 NotebookApp] Restoring connection for 53ada6db-fbf1-45f6-8132-c560bde038f4:8bd8a6dde7784f5484410601e8a82578
[I 22:22:31.801 NotebookApp] Replaying 6 buffered messages
[I 22:22:55.881 NotebookApp] Starting buffering for 53ada6db-fbf1-45f6-8132-c560bde038f4:8bd8a6dde7784f5484410601e8a82578
[I 22:22:56.495 NotebookApp] Kernel restarted: 53ada6db-fbf1-45f6-8132-c560bde038f4
[I 22:22:56.985 NotebookApp] Restoring connection for 53ada6db-fbf1-45f6-8132-c560bde038f4:8bd8a6dde7784f5484410601e8a82578
[I 22:22:56.986 NotebookApp] Replaying 3 buffered messages
[I 22:24:01.627 NotebookApp] Saving file at /kronnc-union_gnn.py.ipynb
/tmp/pip-req-build-4baxydiv/aten/src/ATen/native/cuda/IndexKernel.cu:60: lambda [](int)->auto::operator()(int)->auto: block: [0,0,0], thread: [66,0,0] Assertion `index >= -sizes[i] && index < sizes[i] && "index out of bounds"` failed.
/tmp/pip-req-build-4baxydiv/aten/src/ATen/native/cuda/IndexKernel.cu:60: lambda [](int)->auto::operator()(int)->auto: block: [0,0,0], thread: [68,0,0] Assertion `index >= -sizes[i] && index < sizes[i] && "index out of bounds"` failed.
/tmp/pip-req-build-4baxydiv/aten/src/ATen/native/cuda/IndexKernel.cu:60: lambda [](int)->auto::operator()(int)->auto: block: [0,0,0], thread: [69,0,0] Assertion `index >= -sizes[i] && index < sizes[i] && "index out of bounds"` failed.
/tmp/pip-req-build-4baxydiv/aten/src/ATen/native/cuda/IndexKernel.cu:60: lambda [](int)->auto::operator()(int)->auto: block: [0,0,0], thread: [70,0,0] Assertion `index >= -sizes[i] && index < sizes[i] && "index out of bounds"` failed.
/tmp/pip-req-build-4baxydiv/aten/src/ATen/native/cuda/IndexKernel.cu:60: lambda [](int)->auto::operator()(int)->auto: block: [0,0,0], thread: [71,0,0] Assertion `index >= -sizes[i] && index < sizes[i] && "index out of bounds"` failed.
/tmp/pip-req-build-4baxydiv/aten/src/ATen/native/cuda/IndexKernel.cu:60: lambda [](int)->auto::operator()(int)->auto: block: [0,0,0], thread: [75,0,0] Assertion `index >= -sizes[i] && index < sizes[i] && "index out of bounds"` failed.
/tmp/pip-req-build-4baxydiv/aten/src/ATen/native/cuda/IndexKernel.cu:60: lambda [](int)->auto::operator()(int)->auto: block: [0,0,0], thread: [76,0,0] Assertion `index >= -sizes[i] && index < sizes[i] && "index out of bounds"` failed.
/tmp/pip-req-build-4baxydiv/aten/src/ATen/native/cuda/IndexKernel.cu:60: lambda [](int)->auto::operator()(int)->auto: block: [0,0,0], thread: [77,0,0] Assertion `index >= -sizes[i] && index < sizes[i] && "index out of bounds"` failed.
/tmp/pip-req-build-4baxydiv/aten/src/ATen/native/cuda/IndexKernel.cu:60: lambda [](int)->auto::operator()(int)->auto: block: [0,0,0], thread: [80,0,0] Assertion `index >= -sizes[i] && index < sizes[i] && "index out of bounds"` failed.
/tmp/pip-req-build-4baxydiv/aten/src/ATen/native/cuda/IndexKernel.cu:60: lambda [](int)->auto::operator()(int)->auto: block: [0,0,0], thread: [81,0,0] Assertion `index >= -sizes[i] && index < sizes[i] && "index out of bounds"` failed.
/tmp/pip-req-build-4baxydiv/aten/src/ATen/native/cuda/IndexKernel.cu:60: lambda [](int)->auto::operator()(int)->auto: block: [0,0,0], thread: [85,0,0] Assertion `index >= -sizes[i] && index < sizes[i] && "index out of bounds"` failed.
/tmp/pip-req-build-4baxydiv/aten/src/ATen/native/cuda/IndexKernel.cu:60: lambda [](int)->auto::operator()(int)->auto: block: [0,0,0], thread: [86,0,0] Assertion `index >= -sizes[i] && index < sizes[i] && "index out of bounds"` failed.
/tmp/pip-req-build-4baxydiv/aten/src/ATen/native/cuda/IndexKernel.cu:60: lambda [](int)->auto::operator()(int)->auto: block: [0,0,0], thread: [88,0,0] Assertion `index >= -sizes[i] && index < sizes[i] && "index out of bounds"` failed.
/tmp/pip-req-build-4baxydiv/aten/src/ATen/native/cuda/IndexKernel.cu:60: lambda [](int)->auto::operator()(int)->auto: block: [0,0,0], thread: [89,0,0] Assertion `index >= -sizes[i] && index < sizes[i] && "index out of bounds"` failed.
/tmp/pip-req-build-4baxydiv/aten/src/ATen/native/cuda/IndexKernel.cu:60: lambda [](int)->auto::operator()(int)->auto: block: [0,0,0], thread: [91,0,0] Assertion `index >= -sizes[i] && index < sizes[i] && "index out of bounds"` failed.
/tmp/pip-req-build-4baxydiv/aten/src/ATen/native/cuda/IndexKernel.cu:60: lambda [](int)->auto::operator()(int)->auto: block: [0,0,0], thread: [93,0,0] Assertion `index >= -sizes[i] && index < sizes[i] && "index out of bounds"` failed.
/tmp/pip-req-build-4baxydiv/aten/src/ATen/native/cuda/IndexKernel.cu:60: lambda [](int)->auto::operator()(int)->auto: block: [0,0,0], thread: [33,0,0] Assertion `index >= -sizes[i] && index < sizes[i] && "index out of bounds"` failed.
/tmp/pip-req-build-4baxydiv/aten/src/ATen/native/cuda/IndexKernel.cu:60: lambda [](int)->auto::operator()(int)->auto: block: [0,0,0], thread: [41,0,0] Assertion `index >= -sizes[i] && index < sizes[i] && "index out of bounds"` failed.
/tmp/pip-req-build-4baxydiv/aten/src/ATen/native/cuda/IndexKernel.cu:60: lambda [](int)->auto::operator()(int)->auto: block: [0,0,0], thread: [42,0,0] Assertion `index >= -sizes[i] && index < sizes[i] && "index out of bounds"` failed.
/tmp/pip-req-build-4baxydiv/aten/src/ATen/native/cuda/IndexKernel.cu:60: lambda [](int)->auto::operator()(int)->auto: block: [0,0,0], thread: [43,0,0] Assertion `index >= -sizes[i] && index < sizes[i] && "index out of bounds"` failed.
/tmp/pip-req-build-4baxydiv/aten/src/ATen/native/cuda/IndexKernel.cu:60: lambda [](int)->auto::operator()(int)->auto: block: [0,0,0], thread: [44,0,0] Assertion `index >= -sizes[i] && index < sizes[i] && "index out of bounds"` failed.
/tmp/pip-req-build-4baxydiv/aten/src/ATen/native/cuda/IndexKernel.cu:60: lambda [](int)->auto::operator()(int)->auto: block: [0,0,0], thread: [45,0,0] Assertion `index >= -sizes[i] && index < sizes[i] && "index out of bounds"` failed.
/tmp/pip-req-build-4baxydiv/aten/src/ATen/native/cuda/IndexKernel.cu:60: lambda [](int)->auto::operator()(int)->auto: block: [0,0,0], thread: [47,0,0] Assertion `index >= -sizes[i] && index < sizes[i] && "index out of bounds"` failed.
/tmp/pip-req-build-4baxydiv/aten/src/ATen/native/cuda/IndexKernel.cu:60: lambda [](int)->auto::operator()(int)->auto: block: [0,0,0], thread: [48,0,0] Assertion `index >= -sizes[i] && index < sizes[i] && "index out of bounds"` failed.
/tmp/pip-req-build-4baxydiv/aten/src/ATen/native/cuda/IndexKernel.cu:60: lambda [](int)->auto::operator()(int)->auto: block: [0,0,0], thread: [49,0,0] Assertion `index >= -sizes[i] && index < sizes[i] && "index out of bounds"` failed.
/tmp/pip-req-build-4baxydiv/aten/src/ATen/native/cuda/IndexKernel.cu:60: lambda [](int)->auto::operator()(int)->auto: block: [0,0,0], thread: [50,0,0] Assertion `index >= -sizes[i] && index < sizes[i] && "index out of bounds"` failed.
/tmp/pip-req-build-4baxydiv/aten/src/ATen/native/cuda/IndexKernel.cu:60: lambda [](int)->auto::operator()(int)->auto: block: [0,0,0], thread: [51,0,0] Assertion `index >= -sizes[i] && index < sizes[i] && "index out of bounds"` failed.
/tmp/pip-req-build-4baxydiv/aten/src/ATen/native/cuda/IndexKernel.cu:60: lambda [](int)->auto::operator()(int)->auto: block: [0,0,0], thread: [52,0,0] Assertion `index >= -sizes[i] && index < sizes[i] && "index out of bounds"` failed.
/tmp/pip-req-build-4baxydiv/aten/src/ATen/native/cuda/IndexKernel.cu:60: lambda [](int)->auto::operator()(int)->auto: block: [0,0,0], thread: [53,0,0] Assertion `index >= -sizes[i] && index < sizes[i] && "index out of bounds"` failed.
/tmp/pip-req-build-4baxydiv/aten/src/ATen/native/cuda/IndexKernel.cu:60: lambda [](int)->auto::operator()(int)->auto: block: [0,0,0], thread: [54,0,0] Assertion `index >= -sizes[i] && index < sizes[i] && "index out of bounds"` failed.
/tmp/pip-req-build-4baxydiv/aten/src/ATen/native/cuda/IndexKernel.cu:60: lambda [](int)->auto::operator()(int)->auto: block: [0,0,0], thread: [55,0,0] Assertion `index >= -sizes[i] && index < sizes[i] && "index out of bounds"` failed.
/tmp/pip-req-build-4baxydiv/aten/src/ATen/native/cuda/IndexKernel.cu:60: lambda [](int)->auto::operator()(int)->auto: block: [0,0,0], thread: [62,0,0] Assertion `index >= -sizes[i] && index < sizes[i] && "index out of bounds"` failed.
/tmp/pip-req-build-4baxydiv/aten/src/ATen/native/cuda/IndexKernel.cu:60: lambda [](int)->auto::operator()(int)->auto: block: [0,0,0], thread: [96,0,0] Assertion `index >= -sizes[i] && index < sizes[i] && "index out of bounds"` failed.
/tmp/pip-req-build-4baxydiv/aten/src/ATen/native/cuda/IndexKernel.cu:60: lambda [](int)->auto::operator()(int)->auto: block: [0,0,0], thread: [97,0,0] Assertion `index >= -sizes[i] && index < sizes[i] && "index out of bounds"` failed.
/tmp/pip-req-build-4baxydiv/aten/src/ATen/native/cuda/IndexKernel.cu:60: lambda [](int)->auto::operator()(int)->auto: block: [0,0,0], thread: [99,0,0] Assertion `index >= -sizes[i] && index < sizes[i] && "index out of bounds"` failed.
/tmp/pip-req-build-4baxydiv/aten/src/ATen/native/cuda/IndexKernel.cu:60: lambda [](int)->auto::operator()(int)->auto: block: [0,0,0], thread: [100,0,0] Assertion `index >= -sizes[i] && index < sizes[i] && "index out of bounds"` failed.
/tmp/pip-req-build-4baxydiv/aten/src/ATen/native/cuda/IndexKernel.cu:60: lambda [](int)->auto::operator()(int)->auto: block: [0,0,0], thread: [103,0,0] Assertion `index >= -sizes[i] && index < sizes[i] && "index out of bounds"` failed.
/tmp/pip-req-build-4baxydiv/aten/src/ATen/native/cuda/IndexKernel.cu:60: lambda [](int)->auto::operator()(int)->auto: block: [0,0,0], thread: [106,0,0] Assertion `index >= -sizes[i] && index < sizes[i] && "index out of bounds"` failed.
/tmp/pip-req-build-4baxydiv/aten/src/ATen/native/cuda/IndexKernel.cu:60: lambda [](int)->auto::operator()(int)->auto: block: [0,0,0], thread: [108,0,0] Assertion `index >= -sizes[i] && index < sizes[i] && "index out of bounds"` failed.
/tmp/pip-req-build-4baxydiv/aten/src/ATen/native/cuda/IndexKernel.cu:60: lambda [](int)->auto::operator()(int)->auto: block: [0,0,0], thread: [109,0,0] Assertion `index >= -sizes[i] && index < sizes[i] && "index out of bounds"` failed.
/tmp/pip-req-build-4baxydiv/aten/src/ATen/native/cuda/IndexKernel.cu:60: lambda [](int)->auto::operator()(int)->auto: block: [0,0,0], thread: [110,0,0] Assertion `index >= -sizes[i] && index < sizes[i] && "index out of bounds"` failed.
/tmp/pip-req-build-4baxydiv/aten/src/ATen/native/cuda/IndexKernel.cu:60: lambda [](int)->auto::operator()(int)->auto: block: [0,0,0], thread: [111,0,0] Assertion `index >= -sizes[i] && index < sizes[i] && "index out of bounds"` failed.
/tmp/pip-req-build-4baxydiv/aten/src/ATen/native/cuda/IndexKernel.cu:60: lambda [](int)->auto::operator()(int)->auto: block: [0,0,0], thread: [112,0,0] Assertion `index >= -sizes[i] && index < sizes[i] && "index out of bounds"` failed.
/tmp/pip-req-build-4baxydiv/aten/src/ATen/native/cuda/IndexKernel.cu:60: lambda [](int)->auto::operator()(int)->auto: block: [0,0,0], thread: [114,0,0] Assertion `index >= -sizes[i] && index < sizes[i] && "index out of bounds"` failed.
/tmp/pip-req-build-4baxydiv/aten/src/ATen/native/cuda/IndexKernel.cu:60: lambda [](int)->auto::operator()(int)->auto: block: [0,0,0], thread: [115,0,0] Assertion `index >= -sizes[i] && index < sizes[i] && "index out of bounds"` failed.
/tmp/pip-req-build-4baxydiv/aten/src/ATen/native/cuda/IndexKernel.cu:60: lambda [](int)->auto::operator()(int)->auto: block: [0,0,0], thread: [116,0,0] Assertion `index >= -sizes[i] && index < sizes[i] && "index out of bounds"` failed.
/tmp/pip-req-build-4baxydiv/aten/src/ATen/native/cuda/IndexKernel.cu:60: lambda [](int)->auto::operator()(int)->auto: block: [0,0,0], thread: [117,0,0] Assertion `index >= -sizes[i] && index < sizes[i] && "index out of bounds"` failed.
/tmp/pip-req-build-4baxydiv/aten/src/ATen/native/cuda/IndexKernel.cu:60: lambda [](int)->auto::operator()(int)->auto: block: [0,0,0], thread: [121,0,0] Assertion `index >= -sizes[i] && index < sizes[i] && "index out of bounds"` failed.
/tmp/pip-req-build-4baxydiv/aten/src/ATen/native/cuda/IndexKernel.cu:60: lambda [](int)->auto::operator()(int)->auto: block: [0,0,0], thread: [122,0,0] Assertion `index >= -sizes[i] && index < sizes[i] && "index out of bounds"` failed.
/tmp/pip-req-build-4baxydiv/aten/src/ATen/native/cuda/IndexKernel.cu:60: lambda [](int)->auto::operator()(int)->auto: block: [0,0,0], thread: [123,0,0] Assertion `index >= -sizes[i] && index < sizes[i] && "index out of bounds"` failed.
/tmp/pip-req-build-4baxydiv/aten/src/ATen/native/cuda/IndexKernel.cu:60: lambda [](int)->auto::operator()(int)->auto: block: [0,0,0], thread: [124,0,0] Assertion `index >= -sizes[i] && index < sizes[i] && "index out of bounds"` failed.
/tmp/pip-req-build-4baxydiv/aten/src/ATen/native/cuda/IndexKernel.cu:60: lambda [](int)->auto::operator()(int)->auto: block: [0,0,0], thread: [125,0,0] Assertion `index >= -sizes[i] && index < sizes[i] && "index out of bounds"` failed.
/tmp/pip-req-build-4baxydiv/aten/src/ATen/native/cuda/IndexKernel.cu:60: lambda [](int)->auto::operator()(int)->auto: block: [0,0,0], thread: [127,0,0] Assertion `index >= -sizes[i] && index < sizes[i] && "index out of bounds"` failed.
/tmp/pip-req-build-4baxydiv/aten/src/ATen/native/cuda/IndexKernel.cu:60: lambda [](int)->auto::operator()(int)->auto: block: [0,0,0], thread: [1,0,0] Assertion `index >= -sizes[i] && index < sizes[i] && "index out of bounds"` failed.
/tmp/pip-req-build-4baxydiv/aten/src/ATen/native/cuda/IndexKernel.cu:60: lambda [](int)->auto::operator()(int)->auto: block: [0,0,0], thread: [2,0,0] Assertion `index >= -sizes[i] && index < sizes[i] && "index out of bounds"` failed.
/tmp/pip-req-build-4baxydiv/aten/src/ATen/native/cuda/IndexKernel.cu:60: lambda [](int)->auto::operator()(int)->auto: block: [0,0,0], thread: [4,0,0] Assertion `index >= -sizes[i] && index < sizes[i] && "index out of bounds"` failed.
/tmp/pip-req-build-4baxydiv/aten/src/ATen/native/cuda/IndexKernel.cu:60: lambda [](int)->auto::operator()(int)->auto: block: [0,0,0], thread: [5,0,0] Assertion `index >= -sizes[i] && index < sizes[i] && "index out of bounds"` failed.
/tmp/pip-req-build-4baxydiv/aten/src/ATen/native/cuda/IndexKernel.cu:60: lambda [](int)->auto::operator()(int)->auto: block: [0,0,0], thread: [6,0,0] Assertion `index >= -sizes[i] && index < sizes[i] && "index out of bounds"` failed.
/tmp/pip-req-build-4baxydiv/aten/src/ATen/native/cuda/IndexKernel.cu:60: lambda [](int)->auto::operator()(int)->auto: block: [0,0,0], thread: [7,0,0] Assertion `index >= -sizes[i] && index < sizes[i] && "index out of bounds"` failed.
/tmp/pip-req-build-4baxydiv/aten/src/ATen/native/cuda/IndexKernel.cu:60: lambda [](int)->auto::operator()(int)->auto: block: [0,0,0], thread: [12,0,0] Assertion `index >= -sizes[i] && index < sizes[i] && "index out of bounds"` failed.
/tmp/pip-req-build-4baxydiv/aten/src/ATen/native/cuda/IndexKernel.cu:60: lambda [](int)->auto::operator()(int)->auto: block: [0,0,0], thread: [13,0,0] Assertion `index >= -sizes[i] && index < sizes[i] && "index out of bounds"` failed.
/tmp/pip-req-build-4baxydiv/aten/src/ATen/native/cuda/IndexKernel.cu:60: lambda [](int)->auto::operator()(int)->auto: block: [0,0,0], thread: [14,0,0] Assertion `index >= -sizes[i] && index < sizes[i] && "index out of bounds"` failed.
/tmp/pip-req-build-4baxydiv/aten/src/ATen/native/cuda/IndexKernel.cu:60: lambda [](int)->auto::operator()(int)->auto: block: [0,0,0], thread: [15,0,0] Assertion `index >= -sizes[i] && index < sizes[i] && "index out of bounds"` failed.
/tmp/pip-req-build-4baxydiv/aten/src/ATen/native/cuda/IndexKernel.cu:60: lambda [](int)->auto::operator()(int)->auto: block: [0,0,0], thread: [16,0,0] Assertion `index >= -sizes[i] && index < sizes[i] && "index out of bounds"` failed.
/tmp/pip-req-build-4baxydiv/aten/src/ATen/native/cuda/IndexKernel.cu:60: lambda [](int)->auto::operator()(int)->auto: block: [0,0,0], thread: [18,0,0] Assertion `index >= -sizes[i] && index < sizes[i] && "index out of bounds"` failed.
/tmp/pip-req-build-4baxydiv/aten/src/ATen/native/cuda/IndexKernel.cu:60: lambda [](int)->auto::operator()(int)->auto: block: [0,0,0], thread: [19,0,0] Assertion `index >= -sizes[i] && index < sizes[i] && "index out of bounds"` failed.
/tmp/pip-req-build-4baxydiv/aten/src/ATen/native/cuda/IndexKernel.cu:60: lambda [](int)->auto::operator()(int)->auto: block: [0,0,0], thread: [20,0,0] Assertion `index >= -sizes[i] && index < sizes[i] && "index out of bounds"` failed.
/tmp/pip-req-build-4baxydiv/aten/src/ATen/native/cuda/IndexKernel.cu:60: lambda [](int)->auto::operator()(int)->auto: block: [0,0,0], thread: [22,0,0] Assertion `index >= -sizes[i] && index < sizes[i] && "index out of bounds"` failed.
/tmp/pip-req-build-4baxydiv/aten/src/ATen/native/cuda/IndexKernel.cu:60: lambda [](int)->auto::operator()(int)->auto: block: [0,0,0], thread: [23,0,0] Assertion `index >= -sizes[i] && index < sizes[i] && "index out of bounds"` failed.
/tmp/pip-req-build-4baxydiv/aten/src/ATen/native/cuda/IndexKernel.cu:60: lambda [](int)->auto::operator()(int)->auto: block: [0,0,0], thread: [24,0,0] Assertion `index >= -sizes[i] && index < sizes[i] && "index out of bounds"` failed.
/tmp/pip-req-build-4baxydiv/aten/src/ATen/native/cuda/IndexKernel.cu:60: lambda [](int)->auto::operator()(int)->auto: block: [0,0,0], thread: [27,0,0] Assertion `index >= -sizes[i] && index < sizes[i] && "index out of bounds"` failed.
/tmp/pip-req-build-4baxydiv/aten/src/ATen/native/cuda/IndexKernel.cu:60: lambda [](int)->auto::operator()(int)->auto: block: [0,0,0], thread: [28,0,0] Assertion `index >= -sizes[i] && index < sizes[i] && "index out of bounds"` failed.
/tmp/pip-req-build-4baxydiv/aten/src/ATen/native/cuda/IndexKernel.cu:60: lambda [](int)->auto::operator()(int)->auto: block: [0,0,0], thread: [29,0,0] Assertion `index >= -sizes[i] && index < sizes[i] && "index out of bounds"` failed.
/tmp/pip-req-build-4baxydiv/aten/src/ATen/native/cuda/IndexKernel.cu:60: lambda [](int)->auto::operator()(int)->auto: block: [0,0,0], thread: [31,0,0] Assertion `index >= -sizes[i] && index < sizes[i] && "index out of bounds"` failed.
THCudaCheck FAIL file=/tmp/pip-req-build-4baxydiv/aten/src/THC/THCCachingHostAllocator.cpp line=278 error=59 : device-side assert triggered
[I 22:26:01.737 NotebookApp] Saving file at /kronnc-union_gnn.py.ipynb
[I 22:28:00.334 NotebookApp] Kernel restarted: 53ada6db-fbf1-45f6-8132-c560bde038f4
[I 22:28:00.336 NotebookApp] Starting buffering for 53ada6db-fbf1-45f6-8132-c560bde038f4:8bd8a6dde7784f5484410601e8a82578
[I 22:28:00.838 NotebookApp] Restoring connection for 53ada6db-fbf1-45f6-8132-c560bde038f4:8bd8a6dde7784f5484410601e8a82578
[I 22:28:00.838 NotebookApp] Replaying 6 buffered messages
[I 22:28:01.669 NotebookApp] Saving file at /kronnc-union_gnn.py.ipynb
/tmp/pip-req-build-4baxydiv/aten/src/ATen/native/cuda/IndexKernel.cu:60: lambda [](int)->auto::operator()(int)->auto: block: [0,0,0], thread: [98,0,0] Assertion `index >= -sizes[i] && index < sizes[i] && "index out of bounds"` failed.
/tmp/pip-req-build-4baxydiv/aten/src/ATen/native/cuda/IndexKernel.cu:60: lambda [](int)->auto::operator()(int)->auto: block: [0,0,0], thread: [99,0,0] Assertion `index >= -sizes[i] && index < sizes[i] && "index out of bounds"` failed.
/tmp/pip-req-build-4baxydiv/aten/src/ATen/native/cuda/IndexKernel.cu:60: lambda [](int)->auto::operator()(int)->auto: block: [0,0,0], thread: [102,0,0] Assertion `index >= -sizes[i] && index < sizes[i] && "index out of bounds"` failed.
/tmp/pip-req-build-4baxydiv/aten/src/ATen/native/cuda/IndexKernel.cu:60: lambda [](int)->auto::operator()(int)->auto: block: [0,0,0], thread: [104,0,0] Assertion `index >= -sizes[i] && index < sizes[i] && "index out of bounds"` failed.
/tmp/pip-req-build-4baxydiv/aten/src/ATen/native/cuda/IndexKernel.cu:60: lambda [](int)->auto::operator()(int)->auto: block: [0,0,0], thread: [105,0,0] Assertion `index >= -sizes[i] && index < sizes[i] && "index out of bounds"` failed.
/tmp/pip-req-build-4baxydiv/aten/src/ATen/native/cuda/IndexKernel.cu:60: lambda [](int)->auto::operator()(int)->auto: block: [0,0,0], thread: [107,0,0] Assertion `index >= -sizes[i] && index < sizes[i] && "index out of bounds"` failed.
/tmp/pip-req-build-4baxydiv/aten/src/ATen/native/cuda/IndexKernel.cu:60: lambda [](int)->auto::operator()(int)->auto: block: [0,0,0], thread: [108,0,0] Assertion `index >= -sizes[i] && index < sizes[i] && "index out of bounds"` failed.
/tmp/pip-req-build-4baxydiv/aten/src/ATen/native/cuda/IndexKernel.cu:60: lambda [](int)->auto::operator()(int)->auto: block: [0,0,0], thread: [112,0,0] Assertion `index >= -sizes[i] && index < sizes[i] && "index out of bounds"` failed.
/tmp/pip-req-build-4baxydiv/aten/src/ATen/native/cuda/IndexKernel.cu:60: lambda [](int)->auto::operator()(int)->auto: block: [0,0,0], thread: [116,0,0] Assertion `index >= -sizes[i] && index < sizes[i] && "index out of bounds"` failed.
/tmp/pip-req-build-4baxydiv/aten/src/ATen/native/cuda/IndexKernel.cu:60: lambda [](int)->auto::operator()(int)->auto: block: [0,0,0], thread: [118,0,0] Assertion `index >= -sizes[i] && index < sizes[i] && "index out of bounds"` failed.
/tmp/pip-req-build-4baxydiv/aten/src/ATen/native/cuda/IndexKernel.cu:60: lambda [](int)->auto::operator()(int)->auto: block: [0,0,0], thread: [125,0,0] Assertion `index >= -sizes[i] && index < sizes[i] && "index out of bounds"` failed.
/tmp/pip-req-build-4baxydiv/aten/src/ATen/native/cuda/IndexKernel.cu:60: lambda [](int)->auto::operator()(int)->auto: block: [0,0,0], thread: [127,0,0] Assertion `index >= -sizes[i] && index < sizes[i] && "index out of bounds"` failed.
/tmp/pip-req-build-4baxydiv/aten/src/ATen/native/cuda/IndexKernel.cu:60: lambda [](int)->auto::operator()(int)->auto: block: [0,0,0], thread: [34,0,0] Assertion `index >= -sizes[i] && index < sizes[i] && "index out of bounds"` failed.
/tmp/pip-req-build-4baxydiv/aten/src/ATen/native/cuda/IndexKernel.cu:60: lambda [](int)->auto::operator()(int)->auto: block: [0,0,0], thread: [37,0,0] Assertion `index >= -sizes[i] && index < sizes[i] && "index out of bounds"` failed.
/tmp/pip-req-build-4baxydiv/aten/src/ATen/native/cuda/IndexKernel.cu:60: lambda [](int)->auto::operator()(int)->auto: block: [0,0,0], thread: [39,0,0] Assertion `index >= -sizes[i] && index < sizes[i] && "index out of bounds"` failed.
/tmp/pip-req-build-4baxydiv/aten/src/ATen/native/cuda/IndexKernel.cu:60: lambda [](int)->auto::operator()(int)->auto: block: [0,0,0], thread: [44,0,0] Assertion `index >= -sizes[i] && index < sizes[i] && "index out of bounds"` failed.
/tmp/pip-req-build-4baxydiv/aten/src/ATen/native/cuda/IndexKernel.cu:60: lambda [](int)->auto::operator()(int)->auto: block: [0,0,0], thread: [45,0,0] Assertion `index >= -sizes[i] && index < sizes[i] && "index out of bounds"` failed.
/tmp/pip-req-build-4baxydiv/aten/src/ATen/native/cuda/IndexKernel.cu:60: lambda [](int)->auto::operator()(int)->auto: block: [0,0,0], thread: [49,0,0] Assertion `index >= -sizes[i] && index < sizes[i] && "index out of bounds"` failed.
/tmp/pip-req-build-4baxydiv/aten/src/ATen/native/cuda/IndexKernel.cu:60: lambda [](int)->auto::operator()(int)->auto: block: [0,0,0], thread: [50,0,0] Assertion `index >= -sizes[i] && index < sizes[i] && "index out of bounds"` failed.
/tmp/pip-req-build-4baxydiv/aten/src/ATen/native/cuda/IndexKernel.cu:60: lambda [](int)->auto::operator()(int)->auto: block: [0,0,0], thread: [52,0,0] Assertion `index >= -sizes[i] && index < sizes[i] && "index out of bounds"` failed.
/tmp/pip-req-build-4baxydiv/aten/src/ATen/native/cuda/IndexKernel.cu:60: lambda [](int)->auto::operator()(int)->auto: block: [0,0,0], thread: [53,0,0] Assertion `index >= -sizes[i] && index < sizes[i] && "index out of bounds"` failed.
/tmp/pip-req-build-4baxydiv/aten/src/ATen/native/cuda/IndexKernel.cu:60: lambda [](int)->auto::operator()(int)->auto: block: [0,0,0], thread: [54,0,0] Assertion `index >= -sizes[i] && index < sizes[i] && "index out of bounds"` failed.
/tmp/pip-req-build-4baxydiv/aten/src/ATen/native/cuda/IndexKernel.cu:60: lambda [](int)->auto::operator()(int)->auto: block: [0,0,0], thread: [55,0,0] Assertion `index >= -sizes[i] && index < sizes[i] && "index out of bounds"` failed.
/tmp/pip-req-build-4baxydiv/aten/src/ATen/native/cuda/IndexKernel.cu:60: lambda [](int)->auto::operator()(int)->auto: block: [0,0,0], thread: [56,0,0] Assertion `index >= -sizes[i] && index < sizes[i] && "index out of bounds"` failed.
/tmp/pip-req-build-4baxydiv/aten/src/ATen/native/cuda/IndexKernel.cu:60: lambda [](int)->auto::operator()(int)->auto: block: [0,0,0], thread: [59,0,0] Assertion `index >= -sizes[i] && index < sizes[i] && "index out of bounds"` failed.
/tmp/pip-req-build-4baxydiv/aten/src/ATen/native/cuda/IndexKernel.cu:60: lambda [](int)->auto::operator()(int)->auto: block: [0,0,0], thread: [61,0,0] Assertion `index >= -sizes[i] && index < sizes[i] && "index out of bounds"` failed.
/tmp/pip-req-build-4baxydiv/aten/src/ATen/native/cuda/IndexKernel.cu:60: lambda [](int)->auto::operator()(int)->auto: block: [0,0,0], thread: [62,0,0] Assertion `index >= -sizes[i] && index < sizes[i] && "index out of bounds"` failed.
/tmp/pip-req-build-4baxydiv/aten/src/ATen/native/cuda/IndexKernel.cu:60: lambda [](int)->auto::operator()(int)->auto: block: [0,0,0], thread: [67,0,0] Assertion `index >= -sizes[i] && index < sizes[i] && "index out of bounds"` failed.
/tmp/pip-req-build-4baxydiv/aten/src/ATen/native/cuda/IndexKernel.cu:60: lambda [](int)->auto::operator()(int)->auto: block: [0,0,0], thread: [69,0,0] Assertion `index >= -sizes[i] && index < sizes[i] && "index out of bounds"` failed.
/tmp/pip-req-build-4baxydiv/aten/src/ATen/native/cuda/IndexKernel.cu:60: lambda [](int)->auto::operator()(int)->auto: block: [0,0,0], thread: [71,0,0] Assertion `index >= -sizes[i] && index < sizes[i] && "index out of bounds"` failed.
/tmp/pip-req-build-4baxydiv/aten/src/ATen/native/cuda/IndexKernel.cu:60: lambda [](int)->auto::operator()(int)->auto: block: [0,0,0], thread: [73,0,0] Assertion `index >= -sizes[i] && index < sizes[i] && "index out of bounds"` failed.
/tmp/pip-req-build-4baxydiv/aten/src/ATen/native/cuda/IndexKernel.cu:60: lambda [](int)->auto::operator()(int)->auto: block: [0,0,0], thread: [74,0,0] Assertion `index >= -sizes[i] && index < sizes[i] && "index out of bounds"` failed.
/tmp/pip-req-build-4baxydiv/aten/src/ATen/native/cuda/IndexKernel.cu:60: lambda [](int)->auto::operator()(int)->auto: block: [0,0,0], thread: [75,0,0] Assertion `index >= -sizes[i] && index < sizes[i] && "index out of bounds"` failed.
/tmp/pip-req-build-4baxydiv/aten/src/ATen/native/cuda/IndexKernel.cu:60: lambda [](int)->auto::operator()(int)->auto: block: [0,0,0], thread: [76,0,0] Assertion `index >= -sizes[i] && index < sizes[i] && "index out of bounds"` failed.
/tmp/pip-req-build-4baxydiv/aten/src/ATen/native/cuda/IndexKernel.cu:60: lambda [](int)->auto::operator()(int)->auto: block: [0,0,0], thread: [77,0,0] Assertion `index >= -sizes[i] && index < sizes[i] && "index out of bounds"` failed.
/tmp/pip-req-build-4baxydiv/aten/src/ATen/native/cuda/IndexKernel.cu:60: lambda [](int)->auto::operator()(int)->auto: block: [0,0,0], thread: [79,0,0] Assertion `index >= -sizes[i] && index < sizes[i] && "index out of bounds"` failed.
/tmp/pip-req-build-4baxydiv/aten/src/ATen/native/cuda/IndexKernel.cu:60: lambda [](int)->auto::operator()(int)->auto: block: [0,0,0], thread: [83,0,0] Assertion `index >= -sizes[i] && index < sizes[i] && "index out of bounds"` failed.
/tmp/pip-req-build-4baxydiv/aten/src/ATen/native/cuda/IndexKernel.cu:60: lambda [](int)->auto::operator()(int)->auto: block: [0,0,0], thread: [86,0,0] Assertion `index >= -sizes[i] && index < sizes[i] && "index out of bounds"` failed.
/tmp/pip-req-build-4baxydiv/aten/src/ATen/native/cuda/IndexKernel.cu:60: lambda [](int)->auto::operator()(int)->auto: block: [0,0,0], thread: [88,0,0] Assertion `index >= -sizes[i] && index < sizes[i] && "index out of bounds"` failed.
/tmp/pip-req-build-4baxydiv/aten/src/ATen/native/cuda/IndexKernel.cu:60: lambda [](int)->auto::operator()(int)->auto: block: [0,0,0], thread: [90,0,0] Assertion `index >= -sizes[i] && index < sizes[i] && "index out of bounds"` failed.
/tmp/pip-req-build-4baxydiv/aten/src/ATen/native/cuda/IndexKernel.cu:60: lambda [](int)->auto::operator()(int)->auto: block: [0,0,0], thread: [91,0,0] Assertion `index >= -sizes[i] && index < sizes[i] && "index out of bounds"` failed.
/tmp/pip-req-build-4baxydiv/aten/src/ATen/native/cuda/IndexKernel.cu:60: lambda [](int)->auto::operator()(int)->auto: block: [0,0,0], thread: [93,0,0] Assertion `index >= -sizes[i] && index < sizes[i] && "index out of bounds"` failed.
/tmp/pip-req-build-4baxydiv/aten/src/ATen/native/cuda/IndexKernel.cu:60: lambda [](int)->auto::operator()(int)->auto: block: [0,0,0], thread: [94,0,0] Assertion `index >= -sizes[i] && index < sizes[i] && "index out of bounds"` failed.
/tmp/pip-req-build-4baxydiv/aten/src/ATen/native/cuda/IndexKernel.cu:60: lambda [](int)->auto::operator()(int)->auto: block: [0,0,0], thread: [1,0,0] Assertion `index >= -sizes[i] && index < sizes[i] && "index out of bounds"` failed.
/tmp/pip-req-build-4baxydiv/aten/src/ATen/native/cuda/IndexKernel.cu:60: lambda [](int)->auto::operator()(int)->auto: block: [0,0,0], thread: [3,0,0] Assertion `index >= -sizes[i] && index < sizes[i] && "index out of bounds"` failed.
/tmp/pip-req-build-4baxydiv/aten/src/ATen/native/cuda/IndexKernel.cu:60: lambda [](int)->auto::operator()(int)->auto: block: [0,0,0], thread: [6,0,0] Assertion `index >= -sizes[i] && index < sizes[i] && "index out of bounds"` failed.
/tmp/pip-req-build-4baxydiv/aten/src/ATen/native/cuda/IndexKernel.cu:60: lambda [](int)->auto::operator()(int)->auto: block: [0,0,0], thread: [7,0,0] Assertion `index >= -sizes[i] && index < sizes[i] && "index out of bounds"` failed.
/tmp/pip-req-build-4baxydiv/aten/src/ATen/native/cuda/IndexKernel.cu:60: lambda [](int)->auto::operator()(int)->auto: block: [0,0,0], thread: [9,0,0] Assertion `index >= -sizes[i] && index < sizes[i] && "index out of bounds"` failed.
/tmp/pip-req-build-4baxydiv/aten/src/ATen/native/cuda/IndexKernel.cu:60: lambda [](int)->auto::operator()(int)->auto: block: [0,0,0], thread: [10,0,0] Assertion `index >= -sizes[i] && index < sizes[i] && "index out of bounds"` failed.
/tmp/pip-req-build-4baxydiv/aten/src/ATen/native/cuda/IndexKernel.cu:60: lambda [](int)->auto::operator()(int)->auto: block: [0,0,0], thread: [11,0,0] Assertion `index >= -sizes[i] && index < sizes[i] && "index out of bounds"` failed.
/tmp/pip-req-build-4baxydiv/aten/src/ATen/native/cuda/IndexKernel.cu:60: lambda [](int)->auto::operator()(int)->auto: block: [0,0,0], thread: [14,0,0] Assertion `index >= -sizes[i] && index < sizes[i] && "index out of bounds"` failed.
/tmp/pip-req-build-4baxydiv/aten/src/ATen/native/cuda/IndexKernel.cu:60: lambda [](int)->auto::operator()(int)->auto: block: [0,0,0], thread: [15,0,0] Assertion `index >= -sizes[i] && index < sizes[i] && "index out of bounds"` failed.
/tmp/pip-req-build-4baxydiv/aten/src/ATen/native/cuda/IndexKernel.cu:60: lambda [](int)->auto::operator()(int)->auto: block: [0,0,0], thread: [16,0,0] Assertion `index >= -sizes[i] && index < sizes[i] && "index out of bounds"` failed.
/tmp/pip-req-build-4baxydiv/aten/src/ATen/native/cuda/IndexKernel.cu:60: lambda [](int)->auto::operator()(int)->auto: block: [0,0,0], thread: [17,0,0] Assertion `index >= -sizes[i] && index < sizes[i] && "index out of bounds"` failed.
/tmp/pip-req-build-4baxydiv/aten/src/ATen/native/cuda/IndexKernel.cu:60: lambda [](int)->auto::operator()(int)->auto: block: [0,0,0], thread: [18,0,0] Assertion `index >= -sizes[i] && index < sizes[i] && "index out of bounds"` failed.
/tmp/pip-req-build-4baxydiv/aten/src/ATen/native/cuda/IndexKernel.cu:60: lambda [](int)->auto::operator()(int)->auto: block: [0,0,0], thread: [25,0,0] Assertion `index >= -sizes[i] && index < sizes[i] && "index out of bounds"` failed.
/tmp/pip-req-build-4baxydiv/aten/src/ATen/native/cuda/IndexKernel.cu:60: lambda [](int)->auto::operator()(int)->auto: block: [0,0,0], thread: [26,0,0] Assertion `index >= -sizes[i] && index < sizes[i] && "index out of bounds"` failed.
/tmp/pip-req-build-4baxydiv/aten/src/ATen/native/cuda/IndexKernel.cu:60: lambda [](int)->auto::operator()(int)->auto: block: [0,0,0], thread: [28,0,0] Assertion `index >= -sizes[i] && index < sizes[i] && "index out of bounds"` failed.
/tmp/pip-req-build-4baxydiv/aten/src/ATen/native/cuda/IndexKernel.cu:60: lambda [](int)->auto::operator()(int)->auto: block: [0,0,0], thread: [29,0,0] Assertion `index >= -sizes[i] && index < sizes[i] && "index out of bounds"` failed.
/tmp/pip-req-build-4baxydiv/aten/src/ATen/native/cuda/IndexKernel.cu:60: lambda [](int)->auto::operator()(int)->auto: block: [0,0,0], thread: [30,0,0] Assertion `index >= -sizes[i] && index < sizes[i] && "index out of bounds"` failed.
/tmp/pip-req-build-4baxydiv/aten/src/ATen/native/cuda/IndexKernel.cu:60: lambda [](int)->auto::operator()(int)->auto: block: [0,0,0], thread: [31,0,0] Assertion `index >= -sizes[i] && index < sizes[i] && "index out of bounds"` failed.
THCudaCheck FAIL file=/tmp/pip-req-build-4baxydiv/aten/src/THC/THCCachingHostAllocator.cpp line=278 error=59 : device-side assert triggered
[I 22:28:41.327 NotebookApp] Starting buffering for 53ada6db-fbf1-45f6-8132-c560bde038f4:8bd8a6dde7784f5484410601e8a82578
[I 22:28:41.940 NotebookApp] Kernel restarted: 53ada6db-fbf1-45f6-8132-c560bde038f4
[I 22:28:42.459 NotebookApp] Restoring connection for 53ada6db-fbf1-45f6-8132-c560bde038f4:8bd8a6dde7784f5484410601e8a82578
[I 22:28:42.459 NotebookApp] Replaying 6 buffered messages
[I 22:30:01.626 NotebookApp] Saving file at /kronnc-union_gnn.py.ipynb
[I 22:32:01.633 NotebookApp] Saving file at /kronnc-union_gnn.py.ipynb
/tmp/pip-req-build-4baxydiv/aten/src/ATen/native/cuda/IndexKernel.cu:60: lambda [](int)->auto::operator()(int)->auto: block: [0,0,0], thread: [66,0,0] Assertion `index >= -sizes[i] && index < sizes[i] && "index out of bounds"` failed.
/tmp/pip-req-build-4baxydiv/aten/src/ATen/native/cuda/IndexKernel.cu:60: lambda [](int)->auto::operator()(int)->auto: block: [0,0,0], thread: [68,0,0] Assertion `index >= -sizes[i] && index < sizes[i] && "index out of bounds"` failed.
/tmp/pip-req-build-4baxydiv/aten/src/ATen/native/cuda/IndexKernel.cu:60: lambda [](int)->auto::operator()(int)->auto: block: [0,0,0], thread: [69,0,0] Assertion `index >= -sizes[i] && index < sizes[i] && "index out of bounds"` failed.
/tmp/pip-req-build-4baxydiv/aten/src/ATen/native/cuda/IndexKernel.cu:60: lambda [](int)->auto::operator()(int)->auto: block: [0,0,0], thread: [70,0,0] Assertion `index >= -sizes[i] && index < sizes[i] && "index out of bounds"` failed.
/tmp/pip-req-build-4baxydiv/aten/src/ATen/native/cuda/IndexKernel.cu:60: lambda [](int)->auto::operator()(int)->auto: block: [0,0,0], thread: [71,0,0] Assertion `index >= -sizes[i] && index < sizes[i] && "index out of bounds"` failed.
/tmp/pip-req-build-4baxydiv/aten/src/ATen/native/cuda/IndexKernel.cu:60: lambda [](int)->auto::operator()(int)->auto: block: [0,0,0], thread: [75,0,0] Assertion `index >= -sizes[i] && index < sizes[i] && "index out of bounds"` failed.
/tmp/pip-req-build-4baxydiv/aten/src/ATen/native/cuda/IndexKernel.cu:60: lambda [](int)->auto::operator()(int)->auto: block: [0,0,0], thread: [76,0,0] Assertion `index >= -sizes[i] && index < sizes[i] && "index out of bounds"` failed.
/tmp/pip-req-build-4baxydiv/aten/src/ATen/native/cuda/IndexKernel.cu:60: lambda [](int)->auto::operator()(int)->auto: block: [0,0,0], thread: [77,0,0] Assertion `index >= -sizes[i] && index < sizes[i] && "index out of bounds"` failed.
/tmp/pip-req-build-4baxydiv/aten/src/ATen/native/cuda/IndexKernel.cu:60: lambda [](int)->auto::operator()(int)->auto: block: [0,0,0], thread: [80,0,0] Assertion `index >= -sizes[i] && index < sizes[i] && "index out of bounds"` failed.
/tmp/pip-req-build-4baxydiv/aten/src/ATen/native/cuda/IndexKernel.cu:60: lambda [](int)->auto::operator()(int)->auto: block: [0,0,0], thread: [81,0,0] Assertion `index >= -sizes[i] && index < sizes[i] && "index out of bounds"` failed.
/tmp/pip-req-build-4baxydiv/aten/src/ATen/native/cuda/IndexKernel.cu:60: lambda [](int)->auto::operator()(int)->auto: block: [0,0,0], thread: [85,0,0] Assertion `index >= -sizes[i] && index < sizes[i] && "index out of bounds"` failed.
/tmp/pip-req-build-4baxydiv/aten/src/ATen/native/cuda/IndexKernel.cu:60: lambda [](int)->auto::operator()(int)->auto: block: [0,0,0], thread: [86,0,0] Assertion `index >= -sizes[i] && index < sizes[i] && "index out of bounds"` failed.
/tmp/pip-req-build-4baxydiv/aten/src/ATen/native/cuda/IndexKernel.cu:60: lambda [](int)->auto::operator()(int)->auto: block: [0,0,0], thread: [88,0,0] Assertion `index >= -sizes[i] && index < sizes[i] && "index out of bounds"` failed.
/tmp/pip-req-build-4baxydiv/aten/src/ATen/native/cuda/IndexKernel.cu:60: lambda [](int)->auto::operator()(int)->auto: block: [0,0,0], thread: [89,0,0] Assertion `index >= -sizes[i] && index < sizes[i] && "index out of bounds"` failed.
/tmp/pip-req-build-4baxydiv/aten/src/ATen/native/cuda/IndexKernel.cu:60: lambda [](int)->auto::operator()(int)->auto: block: [0,0,0], thread: [91,0,0] Assertion `index >= -sizes[i] && index < sizes[i] && "index out of bounds"` failed.
/tmp/pip-req-build-4baxydiv/aten/src/ATen/native/cuda/IndexKernel.cu:60: lambda [](int)->auto::operator()(int)->auto: block: [0,0,0], thread: [93,0,0] Assertion `index >= -sizes[i] && index < sizes[i] && "index out of bounds"` failed.
/tmp/pip-req-build-4baxydiv/aten/src/ATen/native/cuda/IndexKernel.cu:60: lambda [](int)->auto::operator()(int)->auto: block: [0,0,0], thread: [33,0,0] Assertion `index >= -sizes[i] && index < sizes[i] && "index out of bounds"` failed.
/tmp/pip-req-build-4baxydiv/aten/src/ATen/native/cuda/IndexKernel.cu:60: lambda [](int)->auto::operator()(int)->auto: block: [0,0,0], thread: [41,0,0] Assertion `index >= -sizes[i] && index < sizes[i] && "index out of bounds"` failed.
/tmp/pip-req-build-4baxydiv/aten/src/ATen/native/cuda/IndexKernel.cu:60: lambda [](int)->auto::operator()(int)->auto: block: [0,0,0], thread: [42,0,0] Assertion `index >= -sizes[i] && index < sizes[i] && "index out of bounds"` failed.
/tmp/pip-req-build-4baxydiv/aten/src/ATen/native/cuda/IndexKernel.cu:60: lambda [](int)->auto::operator()(int)->auto: block: [0,0,0], thread: [43,0,0] Assertion `index >= -sizes[i] && index < sizes[i] && "index out of bounds"` failed.
/tmp/pip-req-build-4baxydiv/aten/src/ATen/native/cuda/IndexKernel.cu:60: lambda [](int)->auto::operator()(int)->auto: block: [0,0,0], thread: [44,0,0] Assertion `index >= -sizes[i] && index < sizes[i] && "index out of bounds"` failed.
/tmp/pip-req-build-4baxydiv/aten/src/ATen/native/cuda/IndexKernel.cu:60: lambda [](int)->auto::operator()(int)->auto: block: [0,0,0], thread: [45,0,0] Assertion `index >= -sizes[i] && index < sizes[i] && "index out of bounds"` failed.
/tmp/pip-req-build-4baxydiv/aten/src/ATen/native/cuda/IndexKernel.cu:60: lambda [](int)->auto::operator()(int)->auto: block: [0,0,0], thread: [47,0,0] Assertion `index >= -sizes[i] && index < sizes[i] && "index out of bounds"` failed.
/tmp/pip-req-build-4baxydiv/aten/src/ATen/native/cuda/IndexKernel.cu:60: lambda [](int)->auto::operator()(int)->auto: block: [0,0,0], thread: [48,0,0] Assertion `index >= -sizes[i] && index < sizes[i] && "index out of bounds"` failed.
/tmp/pip-req-build-4baxydiv/aten/src/ATen/native/cuda/IndexKernel.cu:60: lambda [](int)->auto::operator()(int)->auto: block: [0,0,0], thread: [49,0,0] Assertion `index >= -sizes[i] && index < sizes[i] && "index out of bounds"` failed.
/tmp/pip-req-build-4baxydiv/aten/src/ATen/native/cuda/IndexKernel.cu:60: lambda [](int)->auto::operator()(int)->auto: block: [0,0,0], thread: [50,0,0] Assertion `index >= -sizes[i] && index < sizes[i] && "index out of bounds"` failed.
/tmp/pip-req-build-4baxydiv/aten/src/ATen/native/cuda/IndexKernel.cu:60: lambda [](int)->auto::operator()(int)->auto: block: [0,0,0], thread: [51,0,0] Assertion `index >= -sizes[i] && index < sizes[i] && "index out of bounds"` failed.
/tmp/pip-req-build-4baxydiv/aten/src/ATen/native/cuda/IndexKernel.cu:60: lambda [](int)->auto::operator()(int)->auto: block: [0,0,0], thread: [52,0,0] Assertion `index >= -sizes[i] && index < sizes[i] && "index out of bounds"` failed.
/tmp/pip-req-build-4baxydiv/aten/src/ATen/native/cuda/IndexKernel.cu:60: lambda [](int)->auto::operator()(int)->auto: block: [0,0,0], thread: [53,0,0] Assertion `index >= -sizes[i] && index < sizes[i] && "index out of bounds"` failed.
/tmp/pip-req-build-4baxydiv/aten/src/ATen/native/cuda/IndexKernel.cu:60: lambda [](int)->auto::operator()(int)->auto: block: [0,0,0], thread: [54,0,0] Assertion `index >= -sizes[i] && index < sizes[i] && "index out of bounds"` failed.
/tmp/pip-req-build-4baxydiv/aten/src/ATen/native/cuda/IndexKernel.cu:60: lambda [](int)->auto::operator()(int)->auto: block: [0,0,0], thread: [55,0,0] Assertion `index >= -sizes[i] && index < sizes[i] && "index out of bounds"` failed.
/tmp/pip-req-build-4baxydiv/aten/src/ATen/native/cuda/IndexKernel.cu:60: lambda [](int)->auto::operator()(int)->auto: block: [0,0,0], thread: [62,0,0] Assertion `index >= -sizes[i] && index < sizes[i] && "index out of bounds"` failed.
/tmp/pip-req-build-4baxydiv/aten/src/ATen/native/cuda/IndexKernel.cu:60: lambda [](int)->auto::operator()(int)->auto: block: [0,0,0], thread: [96,0,0] Assertion `index >= -sizes[i] && index < sizes[i] && "index out of bounds"` failed.
/tmp/pip-req-build-4baxydiv/aten/src/ATen/native/cuda/IndexKernel.cu:60: lambda [](int)->auto::operator()(int)->auto: block: [0,0,0], thread: [97,0,0] Assertion `index >= -sizes[i] && index < sizes[i] && "index out of bounds"` failed.
/tmp/pip-req-build-4baxydiv/aten/src/ATen/native/cuda/IndexKernel.cu:60: lambda [](int)->auto::operator()(int)->auto: block: [0,0,0], thread: [99,0,0] Assertion `index >= -sizes[i] && index < sizes[i] && "index out of bounds"` failed.
/tmp/pip-req-build-4baxydiv/aten/src/ATen/native/cuda/IndexKernel.cu:60: lambda [](int)->auto::operator()(int)->auto: block: [0,0,0], thread: [100,0,0] Assertion `index >= -sizes[i] && index < sizes[i] && "index out of bounds"` failed.
/tmp/pip-req-build-4baxydiv/aten/src/ATen/native/cuda/IndexKernel.cu:60: lambda [](int)->auto::operator()(int)->auto: block: [0,0,0], thread: [103,0,0] Assertion `index >= -sizes[i] && index < sizes[i] && "index out of bounds"` failed.
/tmp/pip-req-build-4baxydiv/aten/src/ATen/native/cuda/IndexKernel.cu:60: lambda [](int)->auto::operator()(int)->auto: block: [0,0,0], thread: [106,0,0] Assertion `index >= -sizes[i] && index < sizes[i] && "index out of bounds"` failed.
/tmp/pip-req-build-4baxydiv/aten/src/ATen/native/cuda/IndexKernel.cu:60: lambda [](int)->auto::operator()(int)->auto: block: [0,0,0], thread: [108,0,0] Assertion `index >= -sizes[i] && index < sizes[i] && "index out of bounds"` failed.
/tmp/pip-req-build-4baxydiv/aten/src/ATen/native/cuda/IndexKernel.cu:60: lambda [](int)->auto::operator()(int)->auto: block: [0,0,0], thread: [109,0,0] Assertion `index >= -sizes[i] && index < sizes[i] && "index out of bounds"` failed.
/tmp/pip-req-build-4baxydiv/aten/src/ATen/native/cuda/IndexKernel.cu:60: lambda [](int)->auto::operator()(int)->auto: block: [0,0,0], thread: [110,0,0] Assertion `index >= -sizes[i] && index < sizes[i] && "index out of bounds"` failed.
/tmp/pip-req-build-4baxydiv/aten/src/ATen/native/cuda/IndexKernel.cu:60: lambda [](int)->auto::operator()(int)->auto: block: [0,0,0], thread: [111,0,0] Assertion `index >= -sizes[i] && index < sizes[i] && "index out of bounds"` failed.
/tmp/pip-req-build-4baxydiv/aten/src/ATen/native/cuda/IndexKernel.cu:60: lambda [](int)->auto::operator()(int)->auto: block: [0,0,0], thread: [112,0,0] Assertion `index >= -sizes[i] && index < sizes[i] && "index out of bounds"` failed.
/tmp/pip-req-build-4baxydiv/aten/src/ATen/native/cuda/IndexKernel.cu:60: lambda [](int)->auto::operator()(int)->auto: block: [0,0,0], thread: [114,0,0] Assertion `index >= -sizes[i] && index < sizes[i] && "index out of bounds"` failed.
/tmp/pip-req-build-4baxydiv/aten/src/ATen/native/cuda/IndexKernel.cu:60: lambda [](int)->auto::operator()(int)->auto: block: [0,0,0], thread: [115,0,0] Assertion `index >= -sizes[i] && index < sizes[i] && "index out of bounds"` failed.
/tmp/pip-req-build-4baxydiv/aten/src/ATen/native/cuda/IndexKernel.cu:60: lambda [](int)->auto::operator()(int)->auto: block: [0,0,0], thread: [116,0,0] Assertion `index >= -sizes[i] && index < sizes[i] && "index out of bounds"` failed.
/tmp/pip-req-build-4baxydiv/aten/src/ATen/native/cuda/IndexKernel.cu:60: lambda [](int)->auto::operator()(int)->auto: block: [0,0,0], thread: [117,0,0] Assertion `index >= -sizes[i] && index < sizes[i] && "index out of bounds"` failed.
/tmp/pip-req-build-4baxydiv/aten/src/ATen/native/cuda/IndexKernel.cu:60: lambda [](int)->auto::operator()(int)->auto: block: [0,0,0], thread: [121,0,0] Assertion `index >= -sizes[i] && index < sizes[i] && "index out of bounds"` failed.
/tmp/pip-req-build-4baxydiv/aten/src/ATen/native/cuda/IndexKernel.cu:60: lambda [](int)->auto::operator()(int)->auto: block: [0,0,0], thread: [122,0,0] Assertion `index >= -sizes[i] && index < sizes[i] && "index out of bounds"` failed.
/tmp/pip-req-build-4baxydiv/aten/src/ATen/native/cuda/IndexKernel.cu:60: lambda [](int)->auto::operator()(int)->auto: block: [0,0,0], thread: [123,0,0] Assertion `index >= -sizes[i] && index < sizes[i] && "index out of bounds"` failed.
/tmp/pip-req-build-4baxydiv/aten/src/ATen/native/cuda/IndexKernel.cu:60: lambda [](int)->auto::operator()(int)->auto: block: [0,0,0], thread: [124,0,0] Assertion `index >= -sizes[i] && index < sizes[i] && "index out of bounds"` failed.
/tmp/pip-req-build-4baxydiv/aten/src/ATen/native/cuda/IndexKernel.cu:60: lambda [](int)->auto::operator()(int)->auto: block: [0,0,0], thread: [125,0,0] Assertion `index >= -sizes[i] && index < sizes[i] && "index out of bounds"` failed.
/tmp/pip-req-build-4baxydiv/aten/src/ATen/native/cuda/IndexKernel.cu:60: lambda [](int)->auto::operator()(int)->auto: block: [0,0,0], thread: [127,0,0] Assertion `index >= -sizes[i] && index < sizes[i] && "index out of bounds"` failed.
/tmp/pip-req-build-4baxydiv/aten/src/ATen/native/cuda/IndexKernel.cu:60: lambda [](int)->auto::operator()(int)->auto: block: [0,0,0], thread: [1,0,0] Assertion `index >= -sizes[i] && index < sizes[i] && "index out of bounds"` failed.
/tmp/pip-req-build-4baxydiv/aten/src/ATen/native/cuda/IndexKernel.cu:60: lambda [](int)->auto::operator()(int)->auto: block: [0,0,0], thread: [2,0,0] Assertion `index >= -sizes[i] && index < sizes[i] && "index out of bounds"` failed.
/tmp/pip-req-build-4baxydiv/aten/src/ATen/native/cuda/IndexKernel.cu:60: lambda [](int)->auto::operator()(int)->auto: block: [0,0,0], thread: [4,0,0] Assertion `index >= -sizes[i] && index < sizes[i] && "index out of bounds"` failed.
/tmp/pip-req-build-4baxydiv/aten/src/ATen/native/cuda/IndexKernel.cu:60: lambda [](int)->auto::operator()(int)->auto: block: [0,0,0], thread: [5,0,0] Assertion `index >= -sizes[i] && index < sizes[i] && "index out of bounds"` failed.
/tmp/pip-req-build-4baxydiv/aten/src/ATen/native/cuda/IndexKernel.cu:60: lambda [](int)->auto::operator()(int)->auto: block: [0,0,0], thread: [6,0,0] Assertion `index >= -sizes[i] && index < sizes[i] && "index out of bounds"` failed.
/tmp/pip-req-build-4baxydiv/aten/src/ATen/native/cuda/IndexKernel.cu:60: lambda [](int)->auto::operator()(int)->auto: block: [0,0,0], thread: [7,0,0] Assertion `index >= -sizes[i] && index < sizes[i] && "index out of bounds"` failed.
/tmp/pip-req-build-4baxydiv/aten/src/ATen/native/cuda/IndexKernel.cu:60: lambda [](int)->auto::operator()(int)->auto: block: [0,0,0], thread: [12,0,0] Assertion `index >= -sizes[i] && index < sizes[i] && "index out of bounds"` failed.
/tmp/pip-req-build-4baxydiv/aten/src/ATen/native/cuda/IndexKernel.cu:60: lambda [](int)->auto::operator()(int)->auto: block: [0,0,0], thread: [13,0,0] Assertion `index >= -sizes[i] && index < sizes[i] && "index out of bounds"` failed.
/tmp/pip-req-build-4baxydiv/aten/src/ATen/native/cuda/IndexKernel.cu:60: lambda [](int)->auto::operator()(int)->auto: block: [0,0,0], thread: [14,0,0] Assertion `index >= -sizes[i] && index < sizes[i] && "index out of bounds"` failed.
/tmp/pip-req-build-4baxydiv/aten/src/ATen/native/cuda/IndexKernel.cu:60: lambda [](int)->auto::operator()(int)->auto: block: [0,0,0], thread: [15,0,0] Assertion `index >= -sizes[i] && index < sizes[i] && "index out of bounds"` failed.
/tmp/pip-req-build-4baxydiv/aten/src/ATen/native/cuda/IndexKernel.cu:60: lambda [](int)->auto::operator()(int)->auto: block: [0,0,0], thread: [16,0,0] Assertion `index >= -sizes[i] && index < sizes[i] && "index out of bounds"` failed.
/tmp/pip-req-build-4baxydiv/aten/src/ATen/native/cuda/IndexKernel.cu:60: lambda [](int)->auto::operator()(int)->auto: block: [0,0,0], thread: [18,0,0] Assertion `index >= -sizes[i] && index < sizes[i] && "index out of bounds"` failed.
/tmp/pip-req-build-4baxydiv/aten/src/ATen/native/cuda/IndexKernel.cu:60: lambda [](int)->auto::operator()(int)->auto: block: [0,0,0], thread: [19,0,0] Assertion `index >= -sizes[i] && index < sizes[i] && "index out of bounds"` failed.
/tmp/pip-req-build-4baxydiv/aten/src/ATen/native/cuda/IndexKernel.cu:60: lambda [](int)->auto::operator()(int)->auto: block: [0,0,0], thread: [20,0,0] Assertion `index >= -sizes[i] && index < sizes[i] && "index out of bounds"` failed.
/tmp/pip-req-build-4baxydiv/aten/src/ATen/native/cuda/IndexKernel.cu:60: lambda [](int)->auto::operator()(int)->auto: block: [0,0,0], thread: [22,0,0] Assertion `index >= -sizes[i] && index < sizes[i] && "index out of bounds"` failed.
/tmp/pip-req-build-4baxydiv/aten/src/ATen/native/cuda/IndexKernel.cu:60: lambda [](int)->auto::operator()(int)->auto: block: [0,0,0], thread: [23,0,0] Assertion `index >= -sizes[i] && index < sizes[i] && "index out of bounds"` failed.
/tmp/pip-req-build-4baxydiv/aten/src/ATen/native/cuda/IndexKernel.cu:60: lambda [](int)->auto::operator()(int)->auto: block: [0,0,0], thread: [24,0,0] Assertion `index >= -sizes[i] && index < sizes[i] && "index out of bounds"` failed.
/tmp/pip-req-build-4baxydiv/aten/src/ATen/native/cuda/IndexKernel.cu:60: lambda [](int)->auto::operator()(int)->auto: block: [0,0,0], thread: [27,0,0] Assertion `index >= -sizes[i] && index < sizes[i] && "index out of bounds"` failed.
/tmp/pip-req-build-4baxydiv/aten/src/ATen/native/cuda/IndexKernel.cu:60: lambda [](int)->auto::operator()(int)->auto: block: [0,0,0], thread: [28,0,0] Assertion `index >= -sizes[i] && index < sizes[i] && "index out of bounds"` failed.
/tmp/pip-req-build-4baxydiv/aten/src/ATen/native/cuda/IndexKernel.cu:60: lambda [](int)->auto::operator()(int)->auto: block: [0,0,0], thread: [29,0,0] Assertion `index >= -sizes[i] && index < sizes[i] && "index out of bounds"` failed.
/tmp/pip-req-build-4baxydiv/aten/src/ATen/native/cuda/IndexKernel.cu:60: lambda [](int)->auto::operator()(int)->auto: block: [0,0,0], thread: [31,0,0] Assertion `index >= -sizes[i] && index < sizes[i] && "index out of bounds"` failed.
THCudaCheck FAIL file=/tmp/pip-req-build-4baxydiv/aten/src/THC/THCReduceAll.cuh line=327 error=59 : device-side assert triggered
[I 22:32:43.540 NotebookApp] Starting buffering for 53ada6db-fbf1-45f6-8132-c560bde038f4:8bd8a6dde7784f5484410601e8a82578
[I 22:32:44.154 NotebookApp] Kernel restarted: 53ada6db-fbf1-45f6-8132-c560bde038f4
[I 22:32:44.636 NotebookApp] Restoring connection for 53ada6db-fbf1-45f6-8132-c560bde038f4:8bd8a6dde7784f5484410601e8a82578
[I 22:32:44.637 NotebookApp] Replaying 5 buffered messages
/tmp/pip-req-build-4baxydiv/aten/src/ATen/native/cuda/IndexKernel.cu:60: lambda [](int)->auto::operator()(int)->auto: block: [0,0,0], thread: [98,0,0] Assertion `index >= -sizes[i] && index < sizes[i] && "index out of bounds"` failed.
/tmp/pip-req-build-4baxydiv/aten/src/ATen/native/cuda/IndexKernel.cu:60: lambda [](int)->auto::operator()(int)->auto: block: [0,0,0], thread: [99,0,0] Assertion `index >= -sizes[i] && index < sizes[i] && "index out of bounds"` failed.
/tmp/pip-req-build-4baxydiv/aten/src/ATen/native/cuda/IndexKernel.cu:60: lambda [](int)->auto::operator()(int)->auto: block: [0,0,0], thread: [102,0,0] Assertion `index >= -sizes[i] && index < sizes[i] && "index out of bounds"` failed.
/tmp/pip-req-build-4baxydiv/aten/src/ATen/native/cuda/IndexKernel.cu:60: lambda [](int)->auto::operator()(int)->auto: block: [0,0,0], thread: [104,0,0] Assertion `index >= -sizes[i] && index < sizes[i] && "index out of bounds"` failed.
/tmp/pip-req-build-4baxydiv/aten/src/ATen/native/cuda/IndexKernel.cu:60: lambda [](int)->auto::operator()(int)->auto: block: [0,0,0], thread: [105,0,0] Assertion `index >= -sizes[i] && index < sizes[i] && "index out of bounds"` failed.
/tmp/pip-req-build-4baxydiv/aten/src/ATen/native/cuda/IndexKernel.cu:60: lambda [](int)->auto::operator()(int)->auto: block: [0,0,0], thread: [107,0,0] Assertion `index >= -sizes[i] && index < sizes[i] && "index out of bounds"` failed.
/tmp/pip-req-build-4baxydiv/aten/src/ATen/native/cuda/IndexKernel.cu:60: lambda [](int)->auto::operator()(int)->auto: block: [0,0,0], thread: [108,0,0] Assertion `index >= -sizes[i] && index < sizes[i] && "index out of bounds"` failed.
/tmp/pip-req-build-4baxydiv/aten/src/ATen/native/cuda/IndexKernel.cu:60: lambda [](int)->auto::operator()(int)->auto: block: [0,0,0], thread: [112,0,0] Assertion `index >= -sizes[i] && index < sizes[i] && "index out of bounds"` failed.
/tmp/pip-req-build-4baxydiv/aten/src/ATen/native/cuda/IndexKernel.cu:60: lambda [](int)->auto::operator()(int)->auto: block: [0,0,0], thread: [116,0,0] Assertion `index >= -sizes[i] && index < sizes[i] && "index out of bounds"` failed.
/tmp/pip-req-build-4baxydiv/aten/src/ATen/native/cuda/IndexKernel.cu:60: lambda [](int)->auto::operator()(int)->auto: block: [0,0,0], thread: [118,0,0] Assertion `index >= -sizes[i] && index < sizes[i] && "index out of bounds"` failed.
/tmp/pip-req-build-4baxydiv/aten/src/ATen/native/cuda/IndexKernel.cu:60: lambda [](int)->auto::operator()(int)->auto: block: [0,0,0], thread: [125,0,0] Assertion `index >= -sizes[i] && index < sizes[i] && "index out of bounds"` failed.
/tmp/pip-req-build-4baxydiv/aten/src/ATen/native/cuda/IndexKernel.cu:60: lambda [](int)->auto::operator()(int)->auto: block: [0,0,0], thread: [127,0,0] Assertion `index >= -sizes[i] && index < sizes[i] && "index out of bounds"` failed.
/tmp/pip-req-build-4baxydiv/aten/src/ATen/native/cuda/IndexKernel.cu:60: lambda [](int)->auto::operator()(int)->auto: block: [0,0,0], thread: [34,0,0] Assertion `index >= -sizes[i] && index < sizes[i] && "index out of bounds"` failed.
/tmp/pip-req-build-4baxydiv/aten/src/ATen/native/cuda/IndexKernel.cu:60: lambda [](int)->auto::operator()(int)->auto: block: [0,0,0], thread: [37,0,0] Assertion `index >= -sizes[i] && index < sizes[i] && "index out of bounds"` failed.
/tmp/pip-req-build-4baxydiv/aten/src/ATen/native/cuda/IndexKernel.cu:60: lambda [](int)->auto::operator()(int)->auto: block: [0,0,0], thread: [39,0,0] Assertion `index >= -sizes[i] && index < sizes[i] && "index out of bounds"` failed.
/tmp/pip-req-build-4baxydiv/aten/src/ATen/native/cuda/IndexKernel.cu:60: lambda [](int)->auto::operator()(int)->auto: block: [0,0,0], thread: [44,0,0] Assertion `index >= -sizes[i] && index < sizes[i] && "index out of bounds"` failed.
/tmp/pip-req-build-4baxydiv/aten/src/ATen/native/cuda/IndexKernel.cu:60: lambda [](int)->auto::operator()(int)->auto: block: [0,0,0], thread: [45,0,0] Assertion `index >= -sizes[i] && index < sizes[i] && "index out of bounds"` failed.
/tmp/pip-req-build-4baxydiv/aten/src/ATen/native/cuda/IndexKernel.cu:60: lambda [](int)->auto::operator()(int)->auto: block: [0,0,0], thread: [49,0,0] Assertion `index >= -sizes[i] && index < sizes[i] && "index out of bounds"` failed.
/tmp/pip-req-build-4baxydiv/aten/src/ATen/native/cuda/IndexKernel.cu:60: lambda [](int)->auto::operator()(int)->auto: block: [0,0,0], thread: [50,0,0] Assertion `index >= -sizes[i] && index < sizes[i] && "index out of bounds"` failed.
/tmp/pip-req-build-4baxydiv/aten/src/ATen/native/cuda/IndexKernel.cu:60: lambda [](int)->auto::operator()(int)->auto: block: [0,0,0], thread: [52,0,0] Assertion `index >= -sizes[i] && index < sizes[i] && "index out of bounds"` failed.
/tmp/pip-req-build-4baxydiv/aten/src/ATen/native/cuda/IndexKernel.cu:60: lambda [](int)->auto::operator()(int)->auto: block: [0,0,0], thread: [53,0,0] Assertion `index >= -sizes[i] && index < sizes[i] && "index out of bounds"` failed.
/tmp/pip-req-build-4baxydiv/aten/src/ATen/native/cuda/IndexKernel.cu:60: lambda [](int)->auto::operator()(int)->auto: block: [0,0,0], thread: [54,0,0] Assertion `index >= -sizes[i] && index < sizes[i] && "index out of bounds"` failed.
/tmp/pip-req-build-4baxydiv/aten/src/ATen/native/cuda/IndexKernel.cu:60: lambda [](int)->auto::operator()(int)->auto: block: [0,0,0], thread: [55,0,0] Assertion `index >= -sizes[i] && index < sizes[i] && "index out of bounds"` failed.
/tmp/pip-req-build-4baxydiv/aten/src/ATen/native/cuda/IndexKernel.cu:60: lambda [](int)->auto::operator()(int)->auto: block: [0,0,0], thread: [56,0,0] Assertion `index >= -sizes[i] && index < sizes[i] && "index out of bounds"` failed.
/tmp/pip-req-build-4baxydiv/aten/src/ATen/native/cuda/IndexKernel.cu:60: lambda [](int)->auto::operator()(int)->auto: block: [0,0,0], thread: [59,0,0] Assertion `index >= -sizes[i] && index < sizes[i] && "index out of bounds"` failed.
/tmp/pip-req-build-4baxydiv/aten/src/ATen/native/cuda/IndexKernel.cu:60: lambda [](int)->auto::operator()(int)->auto: block: [0,0,0], thread: [61,0,0] Assertion `index >= -sizes[i] && index < sizes[i] && "index out of bounds"` failed.
/tmp/pip-req-build-4baxydiv/aten/src/ATen/native/cuda/IndexKernel.cu:60: lambda [](int)->auto::operator()(int)->auto: block: [0,0,0], thread: [62,0,0] Assertion `index >= -sizes[i] && index < sizes[i] && "index out of bounds"` failed.
/tmp/pip-req-build-4baxydiv/aten/src/ATen/native/cuda/IndexKernel.cu:60: lambda [](int)->auto::operator()(int)->auto: block: [0,0,0], thread: [67,0,0] Assertion `index >= -sizes[i] && index < sizes[i] && "index out of bounds"` failed.
/tmp/pip-req-build-4baxydiv/aten/src/ATen/native/cuda/IndexKernel.cu:60: lambda [](int)->auto::operator()(int)->auto: block: [0,0,0], thread: [69,0,0] Assertion `index >= -sizes[i] && index < sizes[i] && "index out of bounds"` failed.
/tmp/pip-req-build-4baxydiv/aten/src/ATen/native/cuda/IndexKernel.cu:60: lambda [](int)->auto::operator()(int)->auto: block: [0,0,0], thread: [71,0,0] Assertion `index >= -sizes[i] && index < sizes[i] && "index out of bounds"` failed.
/tmp/pip-req-build-4baxydiv/aten/src/ATen/native/cuda/IndexKernel.cu:60: lambda [](int)->auto::operator()(int)->auto: block: [0,0,0], thread: [73,0,0] Assertion `index >= -sizes[i] && index < sizes[i] && "index out of bounds"` failed.
/tmp/pip-req-build-4baxydiv/aten/src/ATen/native/cuda/IndexKernel.cu:60: lambda [](int)->auto::operator()(int)->auto: block: [0,0,0], thread: [74,0,0] Assertion `index >= -sizes[i] && index < sizes[i] && "index out of bounds"` failed.
/tmp/pip-req-build-4baxydiv/aten/src/ATen/native/cuda/IndexKernel.cu:60: lambda [](int)->auto::operator()(int)->auto: block: [0,0,0], thread: [75,0,0] Assertion `index >= -sizes[i] && index < sizes[i] && "index out of bounds"` failed.
/tmp/pip-req-build-4baxydiv/aten/src/ATen/native/cuda/IndexKernel.cu:60: lambda [](int)->auto::operator()(int)->auto: block: [0,0,0], thread: [76,0,0] Assertion `index >= -sizes[i] && index < sizes[i] && "index out of bounds"` failed.
/tmp/pip-req-build-4baxydiv/aten/src/ATen/native/cuda/IndexKernel.cu:60: lambda [](int)->auto::operator()(int)->auto: block: [0,0,0], thread: [77,0,0] Assertion `index >= -sizes[i] && index < sizes[i] && "index out of bounds"` failed.
/tmp/pip-req-build-4baxydiv/aten/src/ATen/native/cuda/IndexKernel.cu:60: lambda [](int)->auto::operator()(int)->auto: block: [0,0,0], thread: [79,0,0] Assertion `index >= -sizes[i] && index < sizes[i] && "index out of bounds"` failed.
/tmp/pip-req-build-4baxydiv/aten/src/ATen/native/cuda/IndexKernel.cu:60: lambda [](int)->auto::operator()(int)->auto: block: [0,0,0], thread: [83,0,0] Assertion `index >= -sizes[i] && index < sizes[i] && "index out of bounds"` failed.
/tmp/pip-req-build-4baxydiv/aten/src/ATen/native/cuda/IndexKernel.cu:60: lambda [](int)->auto::operator()(int)->auto: block: [0,0,0], thread: [86,0,0] Assertion `index >= -sizes[i] && index < sizes[i] && "index out of bounds"` failed.
/tmp/pip-req-build-4baxydiv/aten/src/ATen/native/cuda/IndexKernel.cu:60: lambda [](int)->auto::operator()(int)->auto: block: [0,0,0], thread: [88,0,0] Assertion `index >= -sizes[i] && index < sizes[i] && "index out of bounds"` failed.
/tmp/pip-req-build-4baxydiv/aten/src/ATen/native/cuda/IndexKernel.cu:60: lambda [](int)->auto::operator()(int)->auto: block: [0,0,0], thread: [90,0,0] Assertion `index >= -sizes[i] && index < sizes[i] && "index out of bounds"` failed.
/tmp/pip-req-build-4baxydiv/aten/src/ATen/native/cuda/IndexKernel.cu:60: lambda [](int)->auto::operator()(int)->auto: block: [0,0,0], thread: [91,0,0] Assertion `index >= -sizes[i] && index < sizes[i] && "index out of bounds"` failed.
/tmp/pip-req-build-4baxydiv/aten/src/ATen/native/cuda/IndexKernel.cu:60: lambda [](int)->auto::operator()(int)->auto: block: [0,0,0], thread: [93,0,0] Assertion `index >= -sizes[i] && index < sizes[i] && "index out of bounds"` failed.
/tmp/pip-req-build-4baxydiv/aten/src/ATen/native/cuda/IndexKernel.cu:60: lambda [](int)->auto::operator()(int)->auto: block: [0,0,0], thread: [94,0,0] Assertion `index >= -sizes[i] && index < sizes[i] && "index out of bounds"` failed.
/tmp/pip-req-build-4baxydiv/aten/src/ATen/native/cuda/IndexKernel.cu:60: lambda [](int)->auto::operator()(int)->auto: block: [0,0,0], thread: [1,0,0] Assertion `index >= -sizes[i] && index < sizes[i] && "index out of bounds"` failed.
/tmp/pip-req-build-4baxydiv/aten/src/ATen/native/cuda/IndexKernel.cu:60: lambda [](int)->auto::operator()(int)->auto: block: [0,0,0], thread: [3,0,0] Assertion `index >= -sizes[i] && index < sizes[i] && "index out of bounds"` failed.
/tmp/pip-req-build-4baxydiv/aten/src/ATen/native/cuda/IndexKernel.cu:60: lambda [](int)->auto::operator()(int)->auto: block: [0,0,0], thread: [6,0,0] Assertion `index >= -sizes[i] && index < sizes[i] && "index out of bounds"` failed.
/tmp/pip-req-build-4baxydiv/aten/src/ATen/native/cuda/IndexKernel.cu:60: lambda [](int)->auto::operator()(int)->auto: block: [0,0,0], thread: [7,0,0] Assertion `index >= -sizes[i] && index < sizes[i] && "index out of bounds"` failed.
/tmp/pip-req-build-4baxydiv/aten/src/ATen/native/cuda/IndexKernel.cu:60: lambda [](int)->auto::operator()(int)->auto: block: [0,0,0], thread: [9,0,0] Assertion `index >= -sizes[i] && index < sizes[i] && "index out of bounds"` failed.
/tmp/pip-req-build-4baxydiv/aten/src/ATen/native/cuda/IndexKernel.cu:60: lambda [](int)->auto::operator()(int)->auto: block: [0,0,0], thread: [10,0,0] Assertion `index >= -sizes[i] && index < sizes[i] && "index out of bounds"` failed.
/tmp/pip-req-build-4baxydiv/aten/src/ATen/native/cuda/IndexKernel.cu:60: lambda [](int)->auto::operator()(int)->auto: block: [0,0,0], thread: [11,0,0] Assertion `index >= -sizes[i] && index < sizes[i] && "index out of bounds"` failed.
/tmp/pip-req-build-4baxydiv/aten/src/ATen/native/cuda/IndexKernel.cu:60: lambda [](int)->auto::operator()(int)->auto: block: [0,0,0], thread: [14,0,0] Assertion `index >= -sizes[i] && index < sizes[i] && "index out of bounds"` failed.
/tmp/pip-req-build-4baxydiv/aten/src/ATen/native/cuda/IndexKernel.cu:60: lambda [](int)->auto::operator()(int)->auto: block: [0,0,0], thread: [15,0,0] Assertion `index >= -sizes[i] && index < sizes[i] && "index out of bounds"` failed.
/tmp/pip-req-build-4baxydiv/aten/src/ATen/native/cuda/IndexKernel.cu:60: lambda [](int)->auto::operator()(int)->auto: block: [0,0,0], thread: [16,0,0] Assertion `index >= -sizes[i] && index < sizes[i] && "index out of bounds"` failed.
/tmp/pip-req-build-4baxydiv/aten/src/ATen/native/cuda/IndexKernel.cu:60: lambda [](int)->auto::operator()(int)->auto: block: [0,0,0], thread: [17,0,0] Assertion `index >= -sizes[i] && index < sizes[i] && "index out of bounds"` failed.
/tmp/pip-req-build-4baxydiv/aten/src/ATen/native/cuda/IndexKernel.cu:60: lambda [](int)->auto::operator()(int)->auto: block: [0,0,0], thread: [18,0,0] Assertion `index >= -sizes[i] && index < sizes[i] && "index out of bounds"` failed.
/tmp/pip-req-build-4baxydiv/aten/src/ATen/native/cuda/IndexKernel.cu:60: lambda [](int)->auto::operator()(int)->auto: block: [0,0,0], thread: [25,0,0] Assertion `index >= -sizes[i] && index < sizes[i] && "index out of bounds"` failed.
/tmp/pip-req-build-4baxydiv/aten/src/ATen/native/cuda/IndexKernel.cu:60: lambda [](int)->auto::operator()(int)->auto: block: [0,0,0], thread: [26,0,0] Assertion `index >= -sizes[i] && index < sizes[i] && "index out of bounds"` failed.
/tmp/pip-req-build-4baxydiv/aten/src/ATen/native/cuda/IndexKernel.cu:60: lambda [](int)->auto::operator()(int)->auto: block: [0,0,0], thread: [28,0,0] Assertion `index >= -sizes[i] && index < sizes[i] && "index out of bounds"` failed.
/tmp/pip-req-build-4baxydiv/aten/src/ATen/native/cuda/IndexKernel.cu:60: lambda [](int)->auto::operator()(int)->auto: block: [0,0,0], thread: [29,0,0] Assertion `index >= -sizes[i] && index < sizes[i] && "index out of bounds"` failed.
/tmp/pip-req-build-4baxydiv/aten/src/ATen/native/cuda/IndexKernel.cu:60: lambda [](int)->auto::operator()(int)->auto: block: [0,0,0], thread: [30,0,0] Assertion `index >= -sizes[i] && index < sizes[i] && "index out of bounds"` failed.
/tmp/pip-req-build-4baxydiv/aten/src/ATen/native/cuda/IndexKernel.cu:60: lambda [](int)->auto::operator()(int)->auto: block: [0,0,0], thread: [31,0,0] Assertion `index >= -sizes[i] && index < sizes[i] && "index out of bounds"` failed.
[I 22:33:28.320 NotebookApp] Starting buffering for 53ada6db-fbf1-45f6-8132-c560bde038f4:8bd8a6dde7784f5484410601e8a82578
[I 22:33:28.936 NotebookApp] Kernel restarted: 53ada6db-fbf1-45f6-8132-c560bde038f4
[I 22:33:29.377 NotebookApp] Restoring connection for 53ada6db-fbf1-45f6-8132-c560bde038f4:8bd8a6dde7784f5484410601e8a82578
[I 22:33:29.378 NotebookApp] Replaying 3 buffered messages
[I 22:34:01.634 NotebookApp] Saving file at /kronnc-union_gnn.py.ipynb
[I 22:36:01.645 NotebookApp] Saving file at /kronnc-union_gnn.py.ipynb
[I 22:38:01.639 NotebookApp] Saving file at /kronnc-union_gnn.py.ipynb
[I 22:39:07.265 NotebookApp] Saving file at /kronnc-union_gnn.py.ipynb
[I 22:39:52.254 NotebookApp] Saving file at /kronnc-union_gnn.py.ipynb
[I 22:40:01.656 NotebookApp] Saving file at /kronnc-union_gnn.py.ipynb
[I 22:40:47.528 NotebookApp] Saving file at /kronnc-union_gnn.py.ipynb
[I 22:40:58.568 NotebookApp] Saving file at /kronnc-union_gnn.py.ipynb
[I 22:41:58.844 NotebookApp] Saving file at /kronnc-union_gnn.py.ipynb
[I 22:42:01.728 NotebookApp] Saving file at /kronnc-union_gnn.py.ipynb
[I 22:43:09.212 NotebookApp] Starting buffering for 53ada6db-fbf1-45f6-8132-c560bde038f4:8bd8a6dde7784f5484410601e8a82578
[I 22:43:09.727 NotebookApp] Kernel restarted: 53ada6db-fbf1-45f6-8132-c560bde038f4
[I 22:43:10.243 NotebookApp] Restoring connection for 53ada6db-fbf1-45f6-8132-c560bde038f4:8bd8a6dde7784f5484410601e8a82578
[I 22:43:10.243 NotebookApp] Replaying 5 buffered messages
[I 22:44:01.654 NotebookApp] Saving file at /kronnc-union_gnn.py.ipynb
[I 22:44:26.835 NotebookApp] Saving file at /kronnc-union_gnn.py.ipynb
[I 22:44:32.853 NotebookApp] Saving file at /kronnc-union_gnn.py.ipynb
[I 22:45:09.496 NotebookApp] Starting buffering for 53ada6db-fbf1-45f6-8132-c560bde038f4:8bd8a6dde7784f5484410601e8a82578
[I 22:45:09.497 NotebookApp] Starting buffering for 202e8f10-53b2-4a9a-a371-967f35077912:8dadb8cded634d079e7386d538508bab
[I 22:45:09.499 NotebookApp] Starting buffering for 0433c5d7-eeaf-4d5f-9737-6e3cffc096b1:d39a5a0127bc4ec990ab907eacf68f3f
[I 22:45:11.124 NotebookApp] Restoring connection for 202e8f10-53b2-4a9a-a371-967f35077912:8dadb8cded634d079e7386d538508bab
[I 22:45:11.157 NotebookApp] Restoring connection for 53ada6db-fbf1-45f6-8132-c560bde038f4:8bd8a6dde7784f5484410601e8a82578
[I 22:45:11.190 NotebookApp] Restoring connection for 0433c5d7-eeaf-4d5f-9737-6e3cffc096b1:d39a5a0127bc4ec990ab907eacf68f3f
[W 22:46:41.126 NotebookApp] WebSocket ping timeout after 90002 ms.
[W 22:46:41.157 NotebookApp] WebSocket ping timeout after 90000 ms.
[W 22:46:41.190 NotebookApp] WebSocket ping timeout after 90000 ms.
[W 22:46:41.222 NotebookApp] WebSocket ping timeout after 90001 ms.
[I 22:46:46.129 NotebookApp] Starting buffering for 202e8f10-53b2-4a9a-a371-967f35077912:8dadb8cded634d079e7386d538508bab
[I 22:46:46.159 NotebookApp] Starting buffering for 53ada6db-fbf1-45f6-8132-c560bde038f4:8bd8a6dde7784f5484410601e8a82578
[I 22:46:46.224 NotebookApp] Starting buffering for 0433c5d7-eeaf-4d5f-9737-6e3cffc096b1:22280ff1fed14284b232e3b193ad78c3
